#
# There is insufficient memory for the Java Runtime Environment to continue.
# Native memory allocation (mmap) failed to map 10485760 bytes. Error detail: G1 virtual space
# Possible reasons:
#   The system is out of physical RAM or swap space
#   This process is running with CompressedOops enabled, and the Java Heap may be blocking the growth of the native heap
# Possible solutions:
#   Reduce memory load on the system
#   Increase physical memory or swap space
#   Check if swap backing store is full
#   Decrease Java heap size (-Xmx/-Xms)
#   Decrease number of Java threads
#   Decrease Java thread stack sizes (-Xss)
#   Set larger code cache with -XX:ReservedCodeCacheSize=
#   JVM is running with Unscaled Compressed Oops mode in which the Java heap is
#     placed in the first 4GB address space. The Java Heap base address is the
#     maximum limit for the native heap growth. Please use -XX:HeapBaseMinAddress
#     to set the Java Heap base and to place the Java Heap above 4GB virtual address.
# This output file may be truncated or incomplete.
#
#  Out of Memory Error (os_windows.cpp:3898), pid=21360, tid=30032
#
# JRE version: OpenJDK Runtime Environment (21.0.7) (build 21.0.7+-13880790-b1038.58)
# Java VM: OpenJDK 64-Bit Server VM (21.0.7+-13880790-b1038.58, mixed mode, tiered, compressed oops, compressed class ptrs, g1 gc, windows-amd64)
# No core dump will be written. Minidumps are not enabled by default on client versions of Windows
#

---------------  S U M M A R Y ------------

Command Line: --add-opens=java.base/java.lang=ALL-UNNAMED --add-opens=java.base/java.lang.invoke=ALL-UNNAMED --add-opens=java.base/java.util=ALL-UNNAMED --add-opens=java.prefs/java.util.prefs=ALL-UNNAMED --add-exports=jdk.compiler/com.sun.tools.javac.api=ALL-UNNAMED --add-exports=jdk.compiler/com.sun.tools.javac.util=ALL-UNNAMED --add-opens=java.base/java.util=ALL-UNNAMED --add-opens=java.prefs/java.util.prefs=ALL-UNNAMED --add-opens=java.base/java.nio.charset=ALL-UNNAMED --add-opens=java.base/java.net=ALL-UNNAMED --add-opens=java.base/java.util.concurrent.atomic=ALL-UNNAMED --add-opens=java.xml/javax.xml.namespace=ALL-UNNAMED -Xmx2048m -Dfile.encoding=UTF-8 -Duser.country=ID -Duser.language=en -Duser.variant -javaagent:D:\Users\abdul.ibrahim\.gradle\wrapper\dists\gradle-8.13-bin\5xuhj0ry160q40clulazy9h7d\gradle-8.13\lib\agents\gradle-instrumentation-agent-8.13.jar -agentpath:C:\Program Files\Palo Alto Networks\Traps\cyjagent.dll org.gradle.launcher.daemon.bootstrap.GradleDaemon 8.13

Host: 13th Gen Intel(R) Core(TM) i7-1365U, 12 cores, 15G,  Windows 11 , 64 bit Build 22621 (10.0.22621.3958)
Time: Tue Dec 16 08:44:02 2025 SE Asia Standard Time elapsed time: 6.296659 seconds (0d 0h 0m 6s)

---------------  T H R E A D  ---------------

Current thread (0x00000288efaf8500):  VMThread "VM Thread"          [id=30032, stack(0x000000ac45900000,0x000000ac45a00000) (1024K)]

Stack: [0x000000ac45900000,0x000000ac45a00000]
Native frames: (J=compiled Java code, j=interpreted, Vv=VM code, C=native code)
V  [jvm.dll+0x6d25c9]
V  [jvm.dll+0x860923]
V  [jvm.dll+0x862e7e]
V  [jvm.dll+0x863563]
V  [jvm.dll+0x27f156]
V  [jvm.dll+0x6ceee5]
V  [jvm.dll+0x6c29aa]
V  [jvm.dll+0x355ebb]
V  [jvm.dll+0x35db16]
V  [jvm.dll+0x3afb16]
V  [jvm.dll+0x3afde8]
V  [jvm.dll+0x32855c]
V  [jvm.dll+0x32af66]
V  [jvm.dll+0x334ebd]
V  [jvm.dll+0x36c555]
V  [jvm.dll+0x8692e8]
V  [jvm.dll+0x86a664]
V  [jvm.dll+0x86aba0]
V  [jvm.dll+0x86ae33]
V  [jvm.dll+0x808d08]
V  [jvm.dll+0x6d0e1d]
C  [ucrtbase.dll+0x29333]
C  [cyinjct.dll+0x11e7]
C  [KERNEL32.DLL+0x1257d]
C  [ntdll.dll+0x5af28]

VM_Operation (0x000000ac454ff310): G1PauseRemark, mode: safepoint, requested by thread 0x00000288d815b0c0


---------------  P R O C E S S  ---------------

Threads class SMR info:
_java_thread_list=0x00000288f6ef7020, length=67, elements={
0x00000288d80f2b20, 0x00000288eff4afe0, 0x00000288efafdac0, 0x00000288efafe130,
0x00000288efafe8d0, 0x00000288eff78530, 0x00000288eff81270, 0x00000288eff818e0,
0x00000288eff82280, 0x00000288eff87ea0, 0x00000288f038b260, 0x00000288f0609b60,
0x00000288f5ff0e00, 0x00000288f61a68c0, 0x00000288f632fd70, 0x00000288f64e6ff0,
0x00000288f64e7660, 0x00000288f6517670, 0x00000288f6517ce0, 0x00000288f6452cf0,
0x00000288f6451fd0, 0x00000288f6453380, 0x00000288f6453a10, 0x00000288f6450590,
0x00000288f64512b0, 0x00000288f6451940, 0x00000288f6452660, 0x00000288f77b0fd0,
0x00000288f77aef00, 0x00000288f77ae870, 0x00000288f77afc20, 0x00000288f77adb50,
0x00000288f77aa6d0, 0x00000288f77b02b0, 0x00000288f77aad60, 0x00000288f77af590,
0x00000288f77ab3f0, 0x00000288f77b0940, 0x00000288f77ae1e0, 0x00000288f77aba80,
0x00000288f77b1660, 0x00000288f6c6b330, 0x00000288f77ac7a0, 0x00000288f77b1cf0,
0x00000288f77ace30, 0x00000288f77ad4c0, 0x00000288f82194d0, 0x00000288f8218e40,
0x00000288f821cfe0, 0x00000288f82166e0, 0x00000288f8216050, 0x00000288f8217a90,
0x00000288f8217400, 0x00000288f821a880, 0x00000288f8216d70, 0x00000288f821af10,
0x00000288f821a1f0, 0x00000288f8218120, 0x00000288f82187b0, 0x00000288f821bc30,
0x00000288f821c950, 0x00000288f821c2c0, 0x00000288f8219b60, 0x00000288f821b5a0,
0x00000288fa291e70, 0x00000288fa290430, 0x00000288fa290ac0
}

Java Threads: ( => current thread )
  0x00000288d80f2b20 JavaThread "main"                              [_thread_blocked, id=29532, stack(0x000000ac45200000,0x000000ac45300000) (1024K)]
  0x00000288eff4afe0 JavaThread "Common-Cleaner"             daemon [_thread_blocked, id=612, stack(0x000000ac45a00000,0x000000ac45b00000) (1024K)]
  0x00000288efafdac0 JavaThread "Reference Handler"          daemon [_thread_blocked, id=14496, stack(0x000000ac45b00000,0x000000ac45c00000) (1024K)]
  0x00000288efafe130 JavaThread "Finalizer"                  daemon [_thread_blocked, id=6804, stack(0x000000ac45c00000,0x000000ac45d00000) (1024K)]
  0x00000288efafe8d0 JavaThread "Signal Dispatcher"          daemon [_thread_blocked, id=9040, stack(0x000000ac45d00000,0x000000ac45e00000) (1024K)]
  0x00000288eff78530 JavaThread "Attach Listener"            daemon [_thread_blocked, id=15456, stack(0x000000ac45e00000,0x000000ac45f00000) (1024K)]
  0x00000288eff81270 JavaThread "Service Thread"             daemon [_thread_blocked, id=20872, stack(0x000000ac45f00000,0x000000ac46000000) (1024K)]
  0x00000288eff818e0 JavaThread "Monitor Deflation Thread"   daemon [_thread_blocked, id=26108, stack(0x000000ac46000000,0x000000ac46100000) (1024K)]
  0x00000288eff82280 JavaThread "C2 CompilerThread0"         daemon [_thread_blocked, id=30556, stack(0x000000ac46100000,0x000000ac46200000) (1024K)]
  0x00000288eff87ea0 JavaThread "C1 CompilerThread0"         daemon [_thread_blocked, id=15700, stack(0x000000ac46200000,0x000000ac46300000) (1024K)]
  0x00000288f038b260 JavaThread "Notification Thread"        daemon [_thread_blocked, id=19328, stack(0x000000ac46300000,0x000000ac46400000) (1024K)]
  0x00000288f0609b60 JavaThread "C2 CompilerThread1"         daemon [_thread_blocked, id=12468, stack(0x000000ac46400000,0x000000ac46500000) (1024K)]
  0x00000288f5ff0e00 JavaThread "Daemon health stats"               [_thread_blocked, id=31592, stack(0x000000ac46500000,0x000000ac46600000) (1024K)]
  0x00000288f61a68c0 JavaThread "Incoming local TCP Connector on port 64669"        [_thread_in_native, id=12548, stack(0x000000ac46e00000,0x000000ac46f00000) (1024K)]
  0x00000288f632fd70 JavaThread "Daemon periodic checks"            [_thread_blocked, id=18748, stack(0x000000ac46f00000,0x000000ac47000000) (1024K)]
  0x00000288f64e6ff0 JavaThread "Daemon"                            [_thread_blocked, id=9968, stack(0x000000ac47000000,0x000000ac47100000) (1024K)]
  0x00000288f64e7660 JavaThread "Handler for socket connection from /127.0.0.1:64669 to /127.0.0.1:64670"        [_thread_in_native, id=29908, stack(0x000000ac47100000,0x000000ac47200000) (1024K)]
  0x00000288f6517670 JavaThread "Cancel handler"                    [_thread_blocked, id=29584, stack(0x000000ac47200000,0x000000ac47300000) (1024K)]
  0x00000288f6517ce0 JavaThread "Daemon worker"                     [_thread_blocked, id=8756, stack(0x000000ac47300000,0x000000ac47400000) (1024K)]
  0x00000288f6452cf0 JavaThread "Asynchronous log dispatcher for DefaultDaemonConnection: socket connection from /127.0.0.1:64669 to /127.0.0.1:64670"        [_thread_blocked, id=25184, stack(0x000000ac47400000,0x000000ac47500000) (1024K)]
  0x00000288f6451fd0 JavaThread "Stdin handler"                     [_thread_blocked, id=12120, stack(0x000000ac47800000,0x000000ac47900000) (1024K)]
  0x00000288f6453380 JavaThread "Daemon client event forwarder"        [_thread_blocked, id=28908, stack(0x000000ac47900000,0x000000ac47a00000) (1024K)]
  0x00000288f6453a10 JavaThread "Cache worker for journal cache (D:\Users\abdul.ibrahim\.gradle\caches\journal-1)"        [_thread_blocked, id=21516, stack(0x000000ac47a00000,0x000000ac47b00000) (1024K)]
  0x00000288f6450590 JavaThread "File lock request listener"        [_thread_in_native, id=15640, stack(0x000000ac47b00000,0x000000ac47c00000) (1024K)]
  0x00000288f64512b0 JavaThread "Cache worker for file hash cache (D:\Users\abdul.ibrahim\.gradle\caches\8.13\fileHashes)"        [_thread_blocked, id=5884, stack(0x000000ac47c00000,0x000000ac47d00000) (1024K)]
  0x00000288f6451940 JavaThread "Cache worker for file hash cache (D:\Users\abdul.ibrahim\AndroidStudioProjects\RestoSelfService\.gradle\8.13\fileHashes)"        [_thread_blocked, id=6516, stack(0x000000ac47d00000,0x000000ac47e00000) (1024K)]
  0x00000288f6452660 JavaThread "Cache worker for Build Output Cleanup Cache (D:\Users\abdul.ibrahim\AndroidStudioProjects\RestoSelfService\.gradle\buildOutputCleanup)"        [_thread_blocked, id=11600, stack(0x000000ac47e00000,0x000000ac47f00000) (1024K)]
  0x00000288f77b0fd0 JavaThread "File watcher server"        daemon [_thread_in_native, id=5548, stack(0x000000ac47f00000,0x000000ac48000000) (1024K)]
  0x00000288f77aef00 JavaThread "File watcher consumer"      daemon [_thread_blocked, id=2988, stack(0x000000ac48000000,0x000000ac48100000) (1024K)]
  0x00000288f77ae870 JavaThread "jar transforms"                    [_thread_blocked, id=5764, stack(0x000000ac48100000,0x000000ac48200000) (1024K)]
  0x00000288f77afc20 JavaThread "jar transforms Thread 2"           [_thread_blocked, id=27128, stack(0x000000ac48200000,0x000000ac48300000) (1024K)]
  0x00000288f77adb50 JavaThread "jar transforms Thread 3"           [_thread_blocked, id=25028, stack(0x000000ac48300000,0x000000ac48400000) (1024K)]
  0x00000288f77aa6d0 JavaThread "jar transforms Thread 4"           [_thread_blocked, id=14392, stack(0x000000ac48400000,0x000000ac48500000) (1024K)]
  0x00000288f77b02b0 JavaThread "jar transforms Thread 5"           [_thread_blocked, id=25512, stack(0x000000ac48500000,0x000000ac48600000) (1024K)]
  0x00000288f77aad60 JavaThread "jar transforms Thread 6"           [_thread_blocked, id=12432, stack(0x000000ac48600000,0x000000ac48700000) (1024K)]
  0x00000288f77af590 JavaThread "jar transforms Thread 7"           [_thread_blocked, id=27960, stack(0x000000ac48700000,0x000000ac48800000) (1024K)]
  0x00000288f77ab3f0 JavaThread "jar transforms Thread 8"           [_thread_blocked, id=21704, stack(0x000000ac48800000,0x000000ac48900000) (1024K)]
  0x00000288f77b0940 JavaThread "jar transforms Thread 9"           [_thread_blocked, id=7252, stack(0x000000ac48900000,0x000000ac48a00000) (1024K)]
  0x00000288f77ae1e0 JavaThread "jar transforms Thread 10"          [_thread_blocked, id=11168, stack(0x000000ac48a00000,0x000000ac48b00000) (1024K)]
  0x00000288f77aba80 JavaThread "jar transforms Thread 11"          [_thread_blocked, id=7400, stack(0x000000ac48b00000,0x000000ac48c00000) (1024K)]
  0x00000288f77b1660 JavaThread "jar transforms Thread 12"          [_thread_blocked, id=12212, stack(0x000000ac48c00000,0x000000ac48d00000) (1024K)]
  0x00000288f6c6b330 JavaThread "C2 CompilerThread2"         daemon [_thread_blocked, id=27984, stack(0x000000ac48d00000,0x000000ac48e00000) (1024K)]
  0x00000288f77ac7a0 JavaThread "Cache worker for checksums cache (D:\Users\abdul.ibrahim\AndroidStudioProjects\RestoSelfService\.gradle\8.13\checksums)"        [_thread_blocked, id=20664, stack(0x000000ac48e00000,0x000000ac48f00000) (1024K)]
  0x00000288f77b1cf0 JavaThread "Cache worker for file content cache (D:\Users\abdul.ibrahim\.gradle\caches\8.13\fileContent)"        [_thread_blocked, id=24356, stack(0x000000ac48f00000,0x000000ac49000000) (1024K)]
  0x00000288f77ace30 JavaThread "Cache worker for cache directory md-supplier (D:\Users\abdul.ibrahim\.gradle\caches\8.13\md-supplier)"        [_thread_blocked, id=5440, stack(0x000000ac49000000,0x000000ac49100000) (1024K)]
  0x00000288f77ad4c0 JavaThread "Cache worker for cache directory md-rule (D:\Users\abdul.ibrahim\.gradle\caches\8.13\md-rule)"        [_thread_blocked, id=18444, stack(0x000000ac49100000,0x000000ac49200000) (1024K)]
  0x00000288f82194d0 JavaThread "Unconstrained build operations"        [_thread_blocked, id=19824, stack(0x000000ac49200000,0x000000ac49300000) (1024K)]
  0x00000288f8218e40 JavaThread "Unconstrained build operations Thread 2"        [_thread_blocked, id=19384, stack(0x000000ac49300000,0x000000ac49400000) (1024K)]
  0x00000288f821cfe0 JavaThread "Unconstrained build operations Thread 3"        [_thread_blocked, id=17012, stack(0x000000ac49400000,0x000000ac49500000) (1024K)]
  0x00000288f82166e0 JavaThread "Unconstrained build operations Thread 4"        [_thread_blocked, id=17600, stack(0x000000ac49500000,0x000000ac49600000) (1024K)]
  0x00000288f8216050 JavaThread "Unconstrained build operations Thread 5"        [_thread_blocked, id=31740, stack(0x000000ac49600000,0x000000ac49700000) (1024K)]
  0x00000288f8217a90 JavaThread "Unconstrained build operations Thread 6"        [_thread_blocked, id=27752, stack(0x000000ac49700000,0x000000ac49800000) (1024K)]
  0x00000288f8217400 JavaThread "Unconstrained build operations Thread 7"        [_thread_blocked, id=14616, stack(0x000000ac49800000,0x000000ac49900000) (1024K)]
  0x00000288f821a880 JavaThread "Unconstrained build operations Thread 8"        [_thread_blocked, id=30736, stack(0x000000ac49900000,0x000000ac49a00000) (1024K)]
  0x00000288f8216d70 JavaThread "Unconstrained build operations Thread 9"        [_thread_blocked, id=29764, stack(0x000000ac49a00000,0x000000ac49b00000) (1024K)]
  0x00000288f821af10 JavaThread "Unconstrained build operations Thread 10"        [_thread_blocked, id=20136, stack(0x000000ac49b00000,0x000000ac49c00000) (1024K)]
  0x00000288f821a1f0 JavaThread "Unconstrained build operations Thread 11"        [_thread_blocked, id=28372, stack(0x000000ac49c00000,0x000000ac49d00000) (1024K)]
  0x00000288f8218120 JavaThread "Unconstrained build operations Thread 12"        [_thread_blocked, id=16668, stack(0x000000ac49d00000,0x000000ac49e00000) (1024K)]
  0x00000288f82187b0 JavaThread "Unconstrained build operations Thread 13"        [_thread_blocked, id=21164, stack(0x000000ac49e00000,0x000000ac49f00000) (1024K)]
  0x00000288f821bc30 JavaThread "Unconstrained build operations Thread 14"        [_thread_blocked, id=28484, stack(0x000000ac49f00000,0x000000ac4a000000) (1024K)]
  0x00000288f821c950 JavaThread "Unconstrained build operations Thread 15"        [_thread_blocked, id=8176, stack(0x000000ac4a000000,0x000000ac4a100000) (1024K)]
  0x00000288f821c2c0 JavaThread "Unconstrained build operations Thread 16"        [_thread_blocked, id=30480, stack(0x000000ac4a100000,0x000000ac4a200000) (1024K)]
  0x00000288f8219b60 JavaThread "Unconstrained build operations Thread 17"        [_thread_blocked, id=17560, stack(0x000000ac4a200000,0x000000ac4a300000) (1024K)]
  0x00000288f821b5a0 JavaThread "Unconstrained build operations Thread 18"        [_thread_blocked, id=29964, stack(0x000000ac4a300000,0x000000ac4a400000) (1024K)]
  0x00000288fa291e70 JavaThread "Unconstrained build operations Thread 19"        [_thread_blocked, id=31048, stack(0x000000ac4a400000,0x000000ac4a500000) (1024K)]
  0x00000288fa290430 JavaThread "Unconstrained build operations Thread 20"        [_thread_blocked, id=27072, stack(0x000000ac4a500000,0x000000ac4a600000) (1024K)]
  0x00000288fa290ac0 JavaThread "Unconstrained build operations Thread 21"        [_thread_blocked, id=21260, stack(0x000000ac4a600000,0x000000ac4a700000) (1024K)]
Total: 67

Other Threads:
=>0x00000288efaf8500 VMThread "VM Thread"                           [id=30032, stack(0x000000ac45900000,0x000000ac45a00000) (1024K)]
  0x00000288efeb0830 WatcherThread "VM Periodic Task Thread"        [id=12228, stack(0x000000ac45800000,0x000000ac45900000) (1024K)]
  0x00000288d81499c0 WorkerThread "GC Thread#0"                     [id=19208, stack(0x000000ac45300000,0x000000ac45400000) (1024K)]
  0x00000288f04fe970 WorkerThread "GC Thread#1"                     [id=18724, stack(0x000000ac46600000,0x000000ac46700000) (1024K)]
  0x00000288f06f9770 WorkerThread "GC Thread#2"                     [id=25964, stack(0x000000ac46700000,0x000000ac46800000) (1024K)]
  0x00000288f06f9b10 WorkerThread "GC Thread#3"                     [id=25972, stack(0x000000ac46800000,0x000000ac46900000) (1024K)]
  0x00000288f076b2e0 WorkerThread "GC Thread#4"                     [id=14300, stack(0x000000ac46900000,0x000000ac46a00000) (1024K)]
  0x00000288f0835730 WorkerThread "GC Thread#5"                     [id=31644, stack(0x000000ac46a00000,0x000000ac46b00000) (1024K)]
  0x00000288f57c7520 WorkerThread "GC Thread#6"                     [id=22972, stack(0x000000ac46b00000,0x000000ac46c00000) (1024K)]
  0x00000288f57c6a40 WorkerThread "GC Thread#7"                     [id=16096, stack(0x000000ac46c00000,0x000000ac46d00000) (1024K)]
  0x00000288f57c78c0 WorkerThread "GC Thread#8"                     [id=16016, stack(0x000000ac46d00000,0x000000ac46e00000) (1024K)]
  0x00000288f57c66a0 WorkerThread "GC Thread#9"                     [id=26104, stack(0x000000ac47500000,0x000000ac47600000) (1024K)]
  0x00000288d815b0c0 ConcurrentGCThread "G1 Main Marker"            [id=9308, stack(0x000000ac45400000,0x000000ac45500000) (1024K)]
  0x00000288d815cae0 WorkerThread "G1 Conc#0"                       [id=27904, stack(0x000000ac45500000,0x000000ac45600000) (1024K)]
  0x00000288f6463dd0 WorkerThread "G1 Conc#1"                       [id=4140, stack(0x000000ac47600000,0x000000ac47700000) (1024K)]
  0x00000288f6463a30 WorkerThread "G1 Conc#2"                       [id=25736, stack(0x000000ac47700000,0x000000ac47800000) (1024K)]
  0x00000288efa0d450 ConcurrentGCThread "G1 Refine#0"               [id=16484, stack(0x000000ac45600000,0x000000ac45700000) (1024K)]
  0x00000288efa0ded0 ConcurrentGCThread "G1 Service"                [id=15708, stack(0x000000ac45700000,0x000000ac45800000) (1024K)]
Total: 18

Threads with active compile tasks:
C2 CompilerThread0  6386 6524   !   4       java.net.URLClassLoader::findClass (47 bytes)
C2 CompilerThread1  6387 6525       4       java.net.URLClassLoader$1::run (5 bytes)
C2 CompilerThread2  6387 6558       4       org.objectweb.asm.ClassReader::readUtf (161 bytes)
Total: 3

VM state: at safepoint (normal execution)

VM Mutex/Monitor currently owned by a thread:  ([mutex/lock_event])
[0x00007ff934db1468] Threads_lock - owner thread: 0x00000288efaf8500
[0x00007ff934db1568] Heap_lock - owner thread: 0x00000288d815b0c0

Heap address: 0x0000000080000000, size: 2048 MB, Compressed Oops mode: 32-bit

CDS archive(s) not mapped
Compressed class space mapped at: 0x0000000100000000-0x0000000140000000, reserved size: 1073741824
Narrow klass base: 0x0000000000000000, Narrow klass shift: 3, Narrow klass range: 0x140000000

GC Precious Log:
 CardTable entry size: 512
 Card Set container configuration: InlinePtr #cards 5 size 8 Array Of Cards #cards 12 size 40 Howl #buckets 4 coarsen threshold 1843 Howl Bitmap #cards 512 size 80 coarsen threshold 460 Card regions per heap region 1 cards per card region 2048
 CPUs: 12 total, 12 available
 Memory: 16041M
 Large Page Support: Disabled
 NUMA Support: Disabled
 Compressed Oops: Enabled (32-bit)
 Heap Region Size: 1M
 Heap Min Capacity: 8M
 Heap Initial Capacity: 252M
 Heap Max Capacity: 2G
 Pre-touch: Disabled
 Parallel Workers: 10
 Concurrent Workers: 3
 Concurrent Refinement Workers: 10
 Periodic GC: Disabled

Heap:
 garbage-first heap   total 153600K, used 98730K [0x0000000080000000, 0x0000000100000000)
  region size 1024K, 7 young (7168K), 5 survivors (5120K)
 Metaspace       used 71486K, committed 73344K, reserved 1114112K
  class space    used 9971K, committed 10880K, reserved 1048576K

Heap Regions: E=young(eden), S=young(survivor), O=old, HS=humongous(starts), HC=humongous(continues), CS=collection set, F=free, TAMS=top-at-mark-start, PB=parsable bottom
|   0|0x0000000080000000, 0x0000000080100000, 0x0000000080100000|100%|HS|  |TAMS 0x0000000080100000| PB 0x0000000080000000| Complete 
|   1|0x0000000080100000, 0x0000000080200000, 0x0000000080200000|100%|HC|  |TAMS 0x0000000080200000| PB 0x0000000080100000| Complete 
|   2|0x0000000080200000, 0x0000000080300000, 0x0000000080300000|100%|HC|  |TAMS 0x0000000080300000| PB 0x0000000080200000| Complete 
|   3|0x0000000080300000, 0x0000000080400000, 0x0000000080400000|100%| O|  |TAMS 0x0000000080400000| PB 0x0000000080400000| Untracked 
|   4|0x0000000080400000, 0x0000000080500000, 0x0000000080500000|100%| O|  |TAMS 0x0000000080500000| PB 0x0000000080500000| Untracked 
|   5|0x0000000080500000, 0x0000000080600000, 0x0000000080600000|100%| O|  |TAMS 0x0000000080600000| PB 0x0000000080600000| Untracked 
|   6|0x0000000080600000, 0x0000000080700000, 0x0000000080700000|100%|HS|  |TAMS 0x0000000080700000| PB 0x0000000080600000| Complete 
|   7|0x0000000080700000, 0x0000000080800000, 0x0000000080800000|100%| O|  |TAMS 0x0000000080800000| PB 0x0000000080800000| Untracked 
|   8|0x0000000080800000, 0x0000000080900000, 0x0000000080900000|100%| O|  |TAMS 0x0000000080900000| PB 0x0000000080900000| Untracked 
|   9|0x0000000080900000, 0x0000000080a00000, 0x0000000080a00000|100%| O|  |TAMS 0x0000000080a00000| PB 0x0000000080a00000| Untracked 
|  10|0x0000000080a00000, 0x0000000080b00000, 0x0000000080b00000|100%| O|  |TAMS 0x0000000080b00000| PB 0x0000000080b00000| Untracked 
|  11|0x0000000080b00000, 0x0000000080c00000, 0x0000000080c00000|100%| O|  |TAMS 0x0000000080c00000| PB 0x0000000080c00000| Untracked 
|  12|0x0000000080c00000, 0x0000000080d00000, 0x0000000080d00000|100%| O|  |TAMS 0x0000000080d00000| PB 0x0000000080d00000| Untracked 
|  13|0x0000000080d00000, 0x0000000080e00000, 0x0000000080e00000|100%| O|  |TAMS 0x0000000080e00000| PB 0x0000000080e00000| Untracked 
|  14|0x0000000080e00000, 0x0000000080f00000, 0x0000000080f00000|100%| O|  |TAMS 0x0000000080f00000| PB 0x0000000080f00000| Untracked 
|  15|0x0000000080f00000, 0x0000000081000000, 0x0000000081000000|100%| O|  |TAMS 0x0000000081000000| PB 0x0000000081000000| Untracked 
|  16|0x0000000081000000, 0x0000000081100000, 0x0000000081100000|100%| O|  |TAMS 0x0000000081100000| PB 0x0000000081100000| Untracked 
|  17|0x0000000081100000, 0x0000000081200000, 0x0000000081200000|100%| O|  |TAMS 0x0000000081200000| PB 0x0000000081200000| Untracked 
|  18|0x0000000081200000, 0x0000000081300000, 0x0000000081300000|100%| O|  |TAMS 0x0000000081300000| PB 0x0000000081300000| Untracked 
|  19|0x0000000081300000, 0x0000000081400000, 0x0000000081400000|100%| O|  |TAMS 0x0000000081400000| PB 0x0000000081400000| Untracked 
|  20|0x0000000081400000, 0x0000000081500000, 0x0000000081500000|100%| O|  |TAMS 0x0000000081500000| PB 0x0000000081500000| Untracked 
|  21|0x0000000081500000, 0x0000000081600000, 0x0000000081600000|100%| O|  |TAMS 0x0000000081600000| PB 0x0000000081600000| Untracked 
|  22|0x0000000081600000, 0x0000000081700000, 0x0000000081700000|100%|HS|  |TAMS 0x0000000081700000| PB 0x0000000081600000| Complete 
|  23|0x0000000081700000, 0x0000000081800000, 0x0000000081800000|100%|HC|  |TAMS 0x0000000081800000| PB 0x0000000081700000| Complete 
|  24|0x0000000081800000, 0x0000000081900000, 0x0000000081900000|100%|HC|  |TAMS 0x0000000081900000| PB 0x0000000081800000| Complete 
|  25|0x0000000081900000, 0x0000000081a00000, 0x0000000081a00000|100%|HC|  |TAMS 0x0000000081a00000| PB 0x0000000081900000| Complete 
|  26|0x0000000081a00000, 0x0000000081b00000, 0x0000000081b00000|100%|HC|  |TAMS 0x0000000081b00000| PB 0x0000000081a00000| Complete 
|  27|0x0000000081b00000, 0x0000000081c00000, 0x0000000081c00000|100%|HC|  |TAMS 0x0000000081c00000| PB 0x0000000081b00000| Complete 
|  28|0x0000000081c00000, 0x0000000081d00000, 0x0000000081d00000|100%|HS|  |TAMS 0x0000000081d00000| PB 0x0000000081c00000| Complete 
|  29|0x0000000081d00000, 0x0000000081e00000, 0x0000000081e00000|100%|HS|  |TAMS 0x0000000081e00000| PB 0x0000000081d00000| Complete 
|  30|0x0000000081e00000, 0x0000000081f00000, 0x0000000081f00000|100%|HC|  |TAMS 0x0000000081f00000| PB 0x0000000081e00000| Complete 
|  31|0x0000000081f00000, 0x0000000082000000, 0x0000000082000000|100%|HC|  |TAMS 0x0000000082000000| PB 0x0000000081f00000| Complete 
|  32|0x0000000082000000, 0x0000000082100000, 0x0000000082100000|100%|HC|  |TAMS 0x0000000082100000| PB 0x0000000082000000| Complete 
|  33|0x0000000082100000, 0x0000000082200000, 0x0000000082200000|100%|HS|  |TAMS 0x0000000082200000| PB 0x0000000082100000| Complete 
|  34|0x0000000082200000, 0x0000000082300000, 0x0000000082300000|100%|HC|  |TAMS 0x0000000082300000| PB 0x0000000082200000| Complete 
|  35|0x0000000082300000, 0x0000000082400000, 0x0000000082400000|100%| O|  |TAMS 0x0000000082400000| PB 0x0000000082400000| Updating 
|  36|0x0000000082400000, 0x0000000082500000, 0x0000000082500000|100%|HS|  |TAMS 0x0000000082500000| PB 0x0000000082400000| Complete 
|  37|0x0000000082500000, 0x0000000082600000, 0x0000000082600000|100%|HS|  |TAMS 0x0000000082600000| PB 0x0000000082500000| Complete 
|  38|0x0000000082600000, 0x0000000082700000, 0x0000000082700000|100%|HC|  |TAMS 0x0000000082700000| PB 0x0000000082600000| Complete 
|  39|0x0000000082700000, 0x0000000082800000, 0x0000000082800000|100%|HC|  |TAMS 0x0000000082800000| PB 0x0000000082700000| Complete 
|  40|0x0000000082800000, 0x0000000082900000, 0x0000000082900000|100%|HC|  |TAMS 0x0000000082900000| PB 0x0000000082800000| Complete 
|  41|0x0000000082900000, 0x0000000082a00000, 0x0000000082a00000|100%|HC|  |TAMS 0x0000000082a00000| PB 0x0000000082900000| Complete 
|  42|0x0000000082a00000, 0x0000000082b00000, 0x0000000082b00000|100%|HC|  |TAMS 0x0000000082b00000| PB 0x0000000082a00000| Complete 
|  43|0x0000000082b00000, 0x0000000082c00000, 0x0000000082c00000|100%|HS|  |TAMS 0x0000000082c00000| PB 0x0000000082b00000| Complete 
|  44|0x0000000082c00000, 0x0000000082d00000, 0x0000000082d00000|100%|HS|  |TAMS 0x0000000082d00000| PB 0x0000000082c00000| Complete 
|  45|0x0000000082d00000, 0x0000000082e00000, 0x0000000082e00000|100%|HC|  |TAMS 0x0000000082e00000| PB 0x0000000082d00000| Complete 
|  46|0x0000000082e00000, 0x0000000082f00000, 0x0000000082f00000|100%|HC|  |TAMS 0x0000000082f00000| PB 0x0000000082e00000| Complete 
|  47|0x0000000082f00000, 0x0000000083000000, 0x0000000083000000|100%|HC|  |TAMS 0x0000000083000000| PB 0x0000000082f00000| Complete 
|  48|0x0000000083000000, 0x0000000083100000, 0x0000000083100000|100%| O|  |TAMS 0x0000000083100000| PB 0x0000000083100000| Untracked 
|  49|0x0000000083100000, 0x0000000083200000, 0x0000000083200000|100%| O|  |TAMS 0x0000000083200000| PB 0x0000000083200000| Updating 
|  50|0x0000000083200000, 0x0000000083300000, 0x0000000083300000|100%|HS|  |TAMS 0x0000000083300000| PB 0x0000000083200000| Complete 
|  51|0x0000000083300000, 0x0000000083400000, 0x0000000083400000|100%|HC|  |TAMS 0x0000000083400000| PB 0x0000000083300000| Complete 
|  52|0x0000000083400000, 0x0000000083500000, 0x0000000083500000|100%|HS|  |TAMS 0x0000000083500000| PB 0x0000000083400000| Complete 
|  53|0x0000000083500000, 0x0000000083600000, 0x0000000083600000|100%| O|  |TAMS 0x0000000083600000| PB 0x0000000083600000| Untracked 
|  54|0x0000000083600000, 0x0000000083700000, 0x0000000083700000|100%| O|  |TAMS 0x0000000083700000| PB 0x0000000083700000| Untracked 
|  55|0x0000000083700000, 0x0000000083800000, 0x0000000083800000|100%| O|  |TAMS 0x0000000083800000| PB 0x0000000083800000| Updating 
|  56|0x0000000083800000, 0x0000000083900000, 0x0000000083900000|100%| O|  |TAMS 0x0000000083900000| PB 0x0000000083900000| Updating 
|  57|0x0000000083900000, 0x0000000083a00000, 0x0000000083a00000|100%| O|  |TAMS 0x0000000083a00000| PB 0x0000000083a00000| Updating 
|  58|0x0000000083a00000, 0x0000000083b00000, 0x0000000083b00000|100%| O|  |TAMS 0x0000000083b00000| PB 0x0000000083b00000| Untracked 
|  59|0x0000000083b00000, 0x0000000083c00000, 0x0000000083c00000|100%| O|  |TAMS 0x0000000083c00000| PB 0x0000000083c00000| Untracked 
|  60|0x0000000083c00000, 0x0000000083d00000, 0x0000000083d00000|100%| O|  |TAMS 0x0000000083d00000| PB 0x0000000083d00000| Updating 
|  61|0x0000000083d00000, 0x0000000083e00000, 0x0000000083e00000|100%| O|  |TAMS 0x0000000083e00000| PB 0x0000000083e00000| Untracked 
|  62|0x0000000083e00000, 0x0000000083f00000, 0x0000000083f00000|100%| O|  |TAMS 0x0000000083f00000| PB 0x0000000083f00000| Updating 
|  63|0x0000000083f00000, 0x0000000084000000, 0x0000000084000000|100%|HS|  |TAMS 0x0000000084000000| PB 0x0000000083f00000| Complete 
|  64|0x0000000084000000, 0x0000000084100000, 0x0000000084100000|100%|HC|  |TAMS 0x0000000084100000| PB 0x0000000084000000| Complete 
|  65|0x0000000084100000, 0x0000000084200000, 0x0000000084200000|100%| O|  |TAMS 0x0000000084200000| PB 0x0000000084200000| Untracked 
|  66|0x0000000084200000, 0x0000000084300000, 0x0000000084300000|100%| O|  |TAMS 0x0000000084300000| PB 0x0000000084300000| Untracked 
|  67|0x0000000084300000, 0x0000000084400000, 0x0000000084400000|100%|HS|  |TAMS 0x0000000084400000| PB 0x0000000084300000| Complete 
|  68|0x0000000084400000, 0x0000000084500000, 0x0000000084500000|100%| O|  |TAMS 0x0000000084500000| PB 0x0000000084500000| Untracked 
|  69|0x0000000084500000, 0x0000000084600000, 0x0000000084600000|100%| O|  |TAMS 0x0000000084600000| PB 0x0000000084600000| Untracked 
|  70|0x0000000084600000, 0x0000000084700000, 0x0000000084700000|100%| O|  |TAMS 0x0000000084600000| PB 0x0000000084600000| Untracked 
|  71|0x0000000084700000, 0x0000000084800000, 0x0000000084800000|100%|HS|  |TAMS 0x0000000084800000| PB 0x0000000084700000| Complete 
|  72|0x0000000084800000, 0x0000000084900000, 0x0000000084900000|100%|HC|  |TAMS 0x0000000084900000| PB 0x0000000084800000| Complete 
|  73|0x0000000084900000, 0x0000000084a00000, 0x0000000084a00000|100%|HC|  |TAMS 0x0000000084a00000| PB 0x0000000084900000| Complete 
|  74|0x0000000084a00000, 0x0000000084b00000, 0x0000000084b00000|100%|HC|  |TAMS 0x0000000084b00000| PB 0x0000000084a00000| Complete 
|  75|0x0000000084b00000, 0x0000000084c00000, 0x0000000084c00000|100%|HC|  |TAMS 0x0000000084c00000| PB 0x0000000084b00000| Complete 
|  76|0x0000000084c00000, 0x0000000084d00000, 0x0000000084d00000|100%|HC|  |TAMS 0x0000000084d00000| PB 0x0000000084c00000| Complete 
|  77|0x0000000084d00000, 0x0000000084e00000, 0x0000000084e00000|100%|HS|  |TAMS 0x0000000084e00000| PB 0x0000000084d00000| Complete 
|  78|0x0000000084e00000, 0x0000000084f00000, 0x0000000084f00000|100%|HC|  |TAMS 0x0000000084f00000| PB 0x0000000084e00000| Complete 
|  79|0x0000000084f00000, 0x0000000085000000, 0x0000000085000000|100%|HC|  |TAMS 0x0000000085000000| PB 0x0000000084f00000| Complete 
|  80|0x0000000085000000, 0x0000000085100000, 0x0000000085100000|100%|HC|  |TAMS 0x0000000085100000| PB 0x0000000085000000| Complete 
|  81|0x0000000085100000, 0x0000000085200000, 0x0000000085200000|100%|HC|  |TAMS 0x0000000085200000| PB 0x0000000085100000| Complete 
|  82|0x0000000085200000, 0x0000000085300000, 0x0000000085300000|100%|HC|  |TAMS 0x0000000085300000| PB 0x0000000085200000| Complete 
|  83|0x0000000085300000, 0x0000000085400000, 0x0000000085400000|100%|HS|  |TAMS 0x0000000085400000| PB 0x0000000085300000| Complete 
|  84|0x0000000085400000, 0x0000000085500000, 0x0000000085500000|100%| O|  |TAMS 0x0000000085500000| PB 0x0000000085500000| Untracked 
|  85|0x0000000085500000, 0x0000000085600000, 0x0000000085600000|100%| O|  |TAMS 0x0000000085600000| PB 0x0000000085600000| Updating 
|  86|0x0000000085600000, 0x0000000085700000, 0x0000000085700000|100%| O|  |TAMS 0x0000000085700000| PB 0x0000000085700000| Untracked 
|  87|0x0000000085700000, 0x0000000085800000, 0x0000000085800000|100%| O|  |TAMS 0x0000000085800000| PB 0x0000000085800000| Untracked 
|  88|0x0000000085800000, 0x00000000858e73c8, 0x0000000085900000| 90%| O|  |TAMS 0x0000000085800000| PB 0x0000000085800000| Untracked 
|  89|0x0000000085900000, 0x0000000085900000, 0x0000000085a00000|  0%| F|  |TAMS 0x0000000085900000| PB 0x0000000085900000| Untracked 
|  90|0x0000000085a00000, 0x0000000085a00000, 0x0000000085b00000|  0%| F|  |TAMS 0x0000000085a00000| PB 0x0000000085a00000| Untracked 
|  91|0x0000000085b00000, 0x0000000085b00000, 0x0000000085c00000|  0%| F|  |TAMS 0x0000000085b00000| PB 0x0000000085b00000| Untracked 
|  92|0x0000000085c00000, 0x0000000085d00000, 0x0000000085d00000|100%| O|  |TAMS 0x0000000085c24048| PB 0x0000000085c24048| Untracked 
|  93|0x0000000085d00000, 0x0000000085d00000, 0x0000000085e00000|  0%| F|  |TAMS 0x0000000085d00000| PB 0x0000000085d00000| Untracked 
|  94|0x0000000085e00000, 0x0000000085e00000, 0x0000000085f00000|  0%| F|  |TAMS 0x0000000085e00000| PB 0x0000000085e00000| Untracked 
|  95|0x0000000085f00000, 0x0000000085f00000, 0x0000000086000000|  0%| F|  |TAMS 0x0000000085f00000| PB 0x0000000085f00000| Untracked 
|  96|0x0000000086000000, 0x00000000860834a8, 0x0000000086100000| 51%| S|CS|TAMS 0x0000000086000000| PB 0x0000000086000000| Complete 
|  97|0x0000000086100000, 0x0000000086200000, 0x0000000086200000|100%| S|CS|TAMS 0x0000000086100000| PB 0x0000000086100000| Complete 
|  98|0x0000000086200000, 0x0000000086300000, 0x0000000086300000|100%| S|CS|TAMS 0x0000000086200000| PB 0x0000000086200000| Complete 
|  99|0x0000000086300000, 0x0000000086400000, 0x0000000086400000|100%| S|CS|TAMS 0x0000000086300000| PB 0x0000000086300000| Complete 
| 100|0x0000000086400000, 0x0000000086400000, 0x0000000086500000|  0%| F|  |TAMS 0x0000000086400000| PB 0x0000000086400000| Untracked 
| 101|0x0000000086500000, 0x0000000086500000, 0x0000000086600000|  0%| F|  |TAMS 0x0000000086500000| PB 0x0000000086500000| Untracked 
| 102|0x0000000086600000, 0x0000000086600000, 0x0000000086700000|  0%| F|  |TAMS 0x0000000086600000| PB 0x0000000086600000| Untracked 
| 103|0x0000000086700000, 0x0000000086700000, 0x0000000086800000|  0%| F|  |TAMS 0x0000000086700000| PB 0x0000000086700000| Untracked 
| 104|0x0000000086800000, 0x0000000086800000, 0x0000000086900000|  0%| F|  |TAMS 0x0000000086800000| PB 0x0000000086800000| Untracked 
| 105|0x0000000086900000, 0x0000000086a00000, 0x0000000086a00000|100%| S|CS|TAMS 0x0000000086900000| PB 0x0000000086900000| Complete 
| 106|0x0000000086a00000, 0x0000000086a00000, 0x0000000086b00000|  0%| F|  |TAMS 0x0000000086a00000| PB 0x0000000086a00000| Untracked 
| 107|0x0000000086b00000, 0x0000000086b00000, 0x0000000086c00000|  0%| F|  |TAMS 0x0000000086b00000| PB 0x0000000086b00000| Untracked 
| 108|0x0000000086c00000, 0x0000000086c00000, 0x0000000086d00000|  0%| F|  |TAMS 0x0000000086c00000| PB 0x0000000086c00000| Untracked 
| 109|0x0000000086d00000, 0x0000000086d00000, 0x0000000086e00000|  0%| F|  |TAMS 0x0000000086d00000| PB 0x0000000086d00000| Untracked 
| 110|0x0000000086e00000, 0x0000000086e00000, 0x0000000086f00000|  0%| F|  |TAMS 0x0000000086e00000| PB 0x0000000086e00000| Untracked 
| 111|0x0000000086f00000, 0x0000000086f00000, 0x0000000087000000|  0%| F|  |TAMS 0x0000000086f00000| PB 0x0000000086f00000| Untracked 
| 112|0x0000000087000000, 0x0000000087000000, 0x0000000087100000|  0%| F|  |TAMS 0x0000000087000000| PB 0x0000000087000000| Untracked 
| 113|0x0000000087100000, 0x0000000087100000, 0x0000000087200000|  0%| F|  |TAMS 0x0000000087100000| PB 0x0000000087100000| Untracked 
| 114|0x0000000087200000, 0x0000000087200000, 0x0000000087300000|  0%| F|  |TAMS 0x0000000087200000| PB 0x0000000087200000| Untracked 
| 115|0x0000000087300000, 0x0000000087300000, 0x0000000087400000|  0%| F|  |TAMS 0x0000000087300000| PB 0x0000000087300000| Untracked 
| 116|0x0000000087400000, 0x0000000087400000, 0x0000000087500000|  0%| F|  |TAMS 0x0000000087400000| PB 0x0000000087400000| Untracked 
| 117|0x0000000087500000, 0x0000000087500000, 0x0000000087600000|  0%| F|  |TAMS 0x0000000087500000| PB 0x0000000087500000| Untracked 
| 118|0x0000000087600000, 0x0000000087600000, 0x0000000087700000|  0%| F|  |TAMS 0x0000000087600000| PB 0x0000000087600000| Untracked 
| 119|0x0000000087700000, 0x0000000087700000, 0x0000000087800000|  0%| F|  |TAMS 0x0000000087700000| PB 0x0000000087700000| Untracked 
| 120|0x0000000087800000, 0x0000000087800000, 0x0000000087900000|  0%| F|  |TAMS 0x0000000087800000| PB 0x0000000087800000| Untracked 
| 121|0x0000000087900000, 0x0000000087900000, 0x0000000087a00000|  0%| F|  |TAMS 0x0000000087900000| PB 0x0000000087900000| Untracked 
| 122|0x0000000087a00000, 0x0000000087a00000, 0x0000000087b00000|  0%| F|  |TAMS 0x0000000087a00000| PB 0x0000000087a00000| Untracked 
| 123|0x0000000087b00000, 0x0000000087b00000, 0x0000000087c00000|  0%| F|  |TAMS 0x0000000087b00000| PB 0x0000000087b00000| Untracked 
| 124|0x0000000087c00000, 0x0000000087c00000, 0x0000000087d00000|  0%| F|  |TAMS 0x0000000087c00000| PB 0x0000000087c00000| Untracked 
| 125|0x0000000087d00000, 0x0000000087d00000, 0x0000000087e00000|  0%| F|  |TAMS 0x0000000087d00000| PB 0x0000000087d00000| Untracked 
| 126|0x0000000087e00000, 0x0000000087e00000, 0x0000000087f00000|  0%| F|  |TAMS 0x0000000087e00000| PB 0x0000000087e00000| Untracked 
| 127|0x0000000087f00000, 0x0000000087f00000, 0x0000000088000000|  0%| F|  |TAMS 0x0000000087f00000| PB 0x0000000087f00000| Untracked 
| 128|0x0000000088000000, 0x0000000088000000, 0x0000000088100000|  0%| F|  |TAMS 0x0000000088000000| PB 0x0000000088000000| Untracked 
| 129|0x0000000088100000, 0x0000000088100000, 0x0000000088200000|  0%| F|  |TAMS 0x0000000088100000| PB 0x0000000088100000| Untracked 
| 130|0x0000000088200000, 0x0000000088200000, 0x0000000088300000|  0%| F|  |TAMS 0x0000000088200000| PB 0x0000000088200000| Untracked 
| 131|0x0000000088300000, 0x0000000088300000, 0x0000000088400000|  0%| F|  |TAMS 0x0000000088300000| PB 0x0000000088300000| Untracked 
| 132|0x0000000088400000, 0x0000000088400000, 0x0000000088500000|  0%| F|  |TAMS 0x0000000088400000| PB 0x0000000088400000| Untracked 
| 133|0x0000000088500000, 0x0000000088500000, 0x0000000088600000|  0%| F|  |TAMS 0x0000000088500000| PB 0x0000000088500000| Untracked 
| 134|0x0000000088600000, 0x0000000088600000, 0x0000000088700000|  0%| F|  |TAMS 0x0000000088600000| PB 0x0000000088600000| Untracked 
| 135|0x0000000088700000, 0x0000000088700000, 0x0000000088800000|  0%| F|  |TAMS 0x0000000088700000| PB 0x0000000088700000| Untracked 
| 136|0x0000000088800000, 0x0000000088800000, 0x0000000088900000|  0%| F|  |TAMS 0x0000000088800000| PB 0x0000000088800000| Untracked 
| 137|0x0000000088900000, 0x0000000088900000, 0x0000000088a00000|  0%| F|  |TAMS 0x0000000088900000| PB 0x0000000088900000| Untracked 
| 138|0x0000000088a00000, 0x0000000088a00000, 0x0000000088b00000|  0%| F|  |TAMS 0x0000000088a00000| PB 0x0000000088a00000| Untracked 
| 139|0x0000000088b00000, 0x0000000088b00000, 0x0000000088c00000|  0%| F|  |TAMS 0x0000000088b00000| PB 0x0000000088b00000| Untracked 
| 226|0x000000008e200000, 0x000000008e200000, 0x000000008e300000|  0%| F|  |TAMS 0x000000008e200000| PB 0x000000008e200000| Untracked 
| 227|0x000000008e300000, 0x000000008e300000, 0x000000008e400000|  0%| F|  |TAMS 0x000000008e300000| PB 0x000000008e300000| Untracked 
| 228|0x000000008e400000, 0x000000008e400000, 0x000000008e500000|  0%| F|  |TAMS 0x000000008e400000| PB 0x000000008e400000| Untracked 
| 229|0x000000008e500000, 0x000000008e500000, 0x000000008e600000|  0%| F|  |TAMS 0x000000008e500000| PB 0x000000008e500000| Untracked 
| 230|0x000000008e600000, 0x000000008e600000, 0x000000008e700000|  0%| F|  |TAMS 0x000000008e600000| PB 0x000000008e600000| Untracked 
| 231|0x000000008e700000, 0x000000008e700000, 0x000000008e800000|  0%| F|  |TAMS 0x000000008e700000| PB 0x000000008e700000| Untracked 
| 232|0x000000008e800000, 0x000000008e800000, 0x000000008e900000|  0%| F|  |TAMS 0x000000008e800000| PB 0x000000008e800000| Untracked 
| 233|0x000000008e900000, 0x000000008ea00000, 0x000000008ea00000|100%| E|  |TAMS 0x000000008e900000| PB 0x000000008e900000| Complete 
| 251|0x000000008fb00000, 0x000000008fc00000, 0x000000008fc00000|100%| E|CS|TAMS 0x000000008fb00000| PB 0x000000008fb00000| Complete 
|2047|0x00000000fff00000, 0x0000000100000000, 0x0000000100000000|100%| O|  |TAMS 0x0000000100000000| PB 0x0000000100000000| Untracked 

Card table byte_map: [0x00000288ead90000,0x00000288eb190000] _byte_map_base: 0x00000288ea990000

Marking Bits: (CMBitMap*) 0x00000288d814a7e0
 Bits: [0x00000288eb190000, 0x00000288ed190000)

Polling page: 0x00000288d7880000

Metaspace:

Usage:
  Non-class:     60.07 MB used.
      Class:      9.74 MB used.
       Both:     69.81 MB used.

Virtual space:
  Non-class space:       64.00 MB reserved,      61.00 MB ( 95%) committed,  1 nodes.
      Class space:        1.00 GB reserved,      10.62 MB (  1%) committed,  1 nodes.
             Both:        1.06 GB reserved,      71.62 MB (  7%) committed. 

Chunk freelists:
   Non-Class:  2.11 MB
       Class:  5.22 MB
        Both:  7.33 MB

MaxMetaspaceSize: unlimited
CompressedClassSpaceSize: 1.00 GB
Initial GC threshold: 21.00 MB
Current GC threshold: 96.06 MB
CDS: off
 - commit_granule_bytes: 65536.
 - commit_granule_words: 8192.
 - virtual_space_node_default_size: 8388608.
 - enlarge_chunks_in_place: 1.
 - use_allocation_guard: 0.


Internal statistics:

num_allocs_failed_limit: 6.
num_arena_births: 3288.
num_arena_deaths: 0.
num_vsnodes_births: 2.
num_vsnodes_deaths: 0.
num_space_committed: 1146.
num_space_uncommitted: 0.
num_chunks_returned_to_freelist: 6.
num_chunks_taken_from_freelist: 6263.
num_chunk_merges: 6.
num_chunk_splits: 4050.
num_chunks_enlarged: 2486.
num_inconsistent_stats: 0.

CodeHeap 'non-profiled nmethods': size=120000Kb used=3410Kb max_used=3499Kb free=116589Kb
 bounds [0x00000288e2ce0000, 0x00000288e3050000, 0x00000288ea210000]
CodeHeap 'profiled nmethods': size=120000Kb used=10214Kb max_used=10829Kb free=109786Kb
 bounds [0x00000288db210000, 0x00000288dbcb0000, 0x00000288e2740000]
CodeHeap 'non-nmethods': size=5760Kb used=2745Kb max_used=2785Kb free=3014Kb
 bounds [0x00000288e2740000, 0x00000288e2a00000, 0x00000288e2ce0000]
 total_blobs=6433 nmethods=5542 adapters=794
 compilation: enabled
              stopped_count=0, restarted_count=0
 full_count=0

Compilation events (20 events):
Event: 6.277 Thread 0x00000288eff87ea0 6553       3       java.lang.reflect.ProxyGenerator$ProxyMethod::generateMethod (548 bytes)
Event: 6.279 Thread 0x00000288eff87ea0 nmethod 6553 0x00000288dbc9aa10 code [0x00000288dbc9b000, 0x00000288dbc9e050]
Event: 6.279 Thread 0x00000288eff87ea0 6555       3       org.gradle.model.internal.asm.MethodVisitorScope::_IFNULL (9 bytes)
Event: 6.279 Thread 0x00000288eff87ea0 nmethod 6555 0x00000288dbc9f010 code [0x00000288dbc9f1c0, 0x00000288dbc9f428]
Event: 6.279 Thread 0x00000288eff87ea0 6556       3       org.gradle.internal.instantiation.generator.AsmBackedClassGenerator$ClassBuilderImpl::access$6000 (4 bytes)
Event: 6.279 Thread 0x00000288eff87ea0 nmethod 6556 0x00000288db8c8a10 code [0x00000288db8c8ba0, 0x00000288db8c8c98]
Event: 6.279 Thread 0x00000288eff87ea0 6559       3       org.objectweb.asm.ClassReader::readLabel (20 bytes)
Event: 6.280 Thread 0x00000288eff87ea0 nmethod 6559 0x00000288dbc9f510 code [0x00000288dbc9f6e0, 0x00000288dbc9fad0]
Event: 6.280 Thread 0x00000288eff87ea0 6561       3       org.objectweb.asm.Label::addLineNumber (106 bytes)
Event: 6.280 Thread 0x00000288eff87ea0 nmethod 6561 0x00000288dbc9fc90 code [0x00000288dbc9fe60, 0x00000288dbca0358]
Event: 6.280 Thread 0x00000288eff87ea0 6560       3       org.objectweb.asm.MethodWriter::visitLocalVariable (222 bytes)
Event: 6.280 Thread 0x00000288f6c6b330 nmethod 6552 0x00000288e304a590 code [0x00000288e304a760, 0x00000288e304ab48]
Event: 6.280 Thread 0x00000288f6c6b330 6558       4       org.objectweb.asm.ClassReader::readUtf (161 bytes)
Event: 6.281 Thread 0x00000288eff87ea0 nmethod 6560 0x00000288dbca0510 code [0x00000288dbca0860, 0x00000288dbca19d8]
Event: 6.281 Thread 0x00000288eff87ea0 6562       3       org.objectweb.asm.MethodWriter::visitLineNumber (50 bytes)
Event: 6.281 Thread 0x00000288eff87ea0 nmethod 6562 0x00000288dbca2210 code [0x00000288dbca2400, 0x00000288dbca2880]
Event: 6.283 Thread 0x00000288eff87ea0 6563       3       org.gradle.internal.logging.events.ProgressStartEvent::<init> (74 bytes)
Event: 6.283 Thread 0x00000288eff87ea0 nmethod 6563 0x00000288dbca2a90 code [0x00000288dbca2c80, 0x00000288dbca3280]
Event: 6.284 Thread 0x00000288eff87ea0 6564       3       java.util.concurrent.atomic.AtomicBoolean::<init> (5 bytes)
Event: 6.284 Thread 0x00000288eff87ea0 nmethod 6564 0x00000288dbca3410 code [0x00000288dbca35c0, 0x00000288dbca3728]

GC Heap History (20 events):
Event: 3.171 GC heap before
{Heap before GC invocations=10 (full 0):
 garbage-first heap   total 108544K, used 58584K [0x0000000080000000, 0x0000000100000000)
  region size 1024K, 11 young (11264K), 6 survivors (6144K)
 Metaspace       used 36325K, committed 37248K, reserved 1114112K
  class space    used 5002K, committed 5440K, reserved 1048576K
}
Event: 3.174 GC heap after
{Heap after GC invocations=11 (full 0):
 garbage-first heap   total 108544K, used 56078K [0x0000000080000000, 0x0000000100000000)
  region size 1024K, 5 young (5120K), 5 survivors (5120K)
 Metaspace       used 36325K, committed 37248K, reserved 1114112K
  class space    used 5002K, committed 5440K, reserved 1048576K
}
Event: 3.543 GC heap before
{Heap before GC invocations=12 (full 0):
 garbage-first heap   total 108544K, used 92942K [0x0000000080000000, 0x0000000100000000)
  region size 1024K, 38 young (38912K), 5 survivors (5120K)
 Metaspace       used 40810K, committed 41792K, reserved 1114112K
  class space    used 5693K, committed 6144K, reserved 1048576K
}
Event: 3.546 GC heap after
{Heap after GC invocations=13 (full 0):
 garbage-first heap   total 108544K, used 62425K [0x0000000080000000, 0x0000000100000000)
  region size 1024K, 5 young (5120K), 5 survivors (5120K)
 Metaspace       used 40810K, committed 41792K, reserved 1114112K
  class space    used 5693K, committed 6144K, reserved 1048576K
}
Event: 3.911 GC heap before
{Heap before GC invocations=13 (full 0):
 garbage-first heap   total 108544K, used 92121K [0x0000000080000000, 0x0000000100000000)
  region size 1024K, 35 young (35840K), 5 survivors (5120K)
 Metaspace       used 46086K, committed 47104K, reserved 1114112K
  class space    used 6223K, committed 6720K, reserved 1048576K
}
Event: 3.915 GC heap after
{Heap after GC invocations=14 (full 0):
 garbage-first heap   total 108544K, used 65292K [0x0000000080000000, 0x0000000100000000)
  region size 1024K, 4 young (4096K), 4 survivors (4096K)
 Metaspace       used 46086K, committed 47104K, reserved 1114112K
  class space    used 6223K, committed 6720K, reserved 1048576K
}
Event: 4.034 GC heap before
{Heap before GC invocations=14 (full 0):
 garbage-first heap   total 108544K, used 87820K [0x0000000080000000, 0x0000000100000000)
  region size 1024K, 27 young (27648K), 4 survivors (4096K)
 Metaspace       used 47158K, committed 48128K, reserved 1114112K
  class space    used 6371K, committed 6848K, reserved 1048576K
}
Event: 4.037 GC heap after
{Heap after GC invocations=15 (full 0):
 garbage-first heap   total 108544K, used 67253K [0x0000000080000000, 0x0000000100000000)
  region size 1024K, 3 young (3072K), 3 survivors (3072K)
 Metaspace       used 47158K, committed 48128K, reserved 1114112K
  class space    used 6371K, committed 6848K, reserved 1048576K
}
Event: 4.378 GC heap before
{Heap before GC invocations=16 (full 0):
 garbage-first heap   total 121856K, used 102069K [0x0000000080000000, 0x0000000100000000)
  region size 1024K, 32 young (32768K), 3 survivors (3072K)
 Metaspace       used 51088K, committed 52288K, reserved 1114112K
  class space    used 6906K, committed 7488K, reserved 1048576K
}
Event: 4.381 GC heap after
{Heap after GC invocations=17 (full 0):
 garbage-first heap   total 150528K, used 68829K [0x0000000080000000, 0x0000000100000000)
  region size 1024K, 3 young (3072K), 3 survivors (3072K)
 Metaspace       used 51088K, committed 52288K, reserved 1114112K
  class space    used 6906K, committed 7488K, reserved 1048576K
}
Event: 4.911 GC heap before
{Heap before GC invocations=17 (full 0):
 garbage-first heap   total 150528K, used 124125K [0x0000000080000000, 0x0000000100000000)
  region size 1024K, 56 young (57344K), 3 survivors (3072K)
 Metaspace       used 57224K, committed 58688K, reserved 1114112K
  class space    used 7942K, committed 8640K, reserved 1048576K
}
Event: 4.915 GC heap after
{Heap after GC invocations=18 (full 0):
 garbage-first heap   total 150528K, used 74683K [0x0000000080000000, 0x0000000100000000)
  region size 1024K, 6 young (6144K), 6 survivors (6144K)
 Metaspace       used 57224K, committed 58688K, reserved 1114112K
  class space    used 7942K, committed 8640K, reserved 1048576K
}
Event: 5.065 GC heap before
{Heap before GC invocations=18 (full 0):
 garbage-first heap   total 150528K, used 86971K [0x0000000080000000, 0x0000000100000000)
  region size 1024K, 19 young (19456K), 6 survivors (6144K)
 Metaspace       used 57489K, committed 59008K, reserved 1114112K
  class space    used 7955K, committed 8704K, reserved 1048576K
}
Event: 5.069 GC heap after
{Heap after GC invocations=19 (full 0):
 garbage-first heap   total 150528K, used 77395K [0x0000000080000000, 0x0000000100000000)
  region size 1024K, 7 young (7168K), 7 survivors (7168K)
 Metaspace       used 57489K, committed 59008K, reserved 1114112K
  class space    used 7955K, committed 8704K, reserved 1048576K
}
Event: 5.476 GC heap before
{Heap before GC invocations=20 (full 0):
 garbage-first heap   total 150528K, used 141907K [0x0000000080000000, 0x0000000100000000)
  region size 1024K, 55 young (56320K), 7 survivors (7168K)
 Metaspace       used 60591K, committed 62272K, reserved 1114112K
  class space    used 8286K, committed 9088K, reserved 1048576K
}
Event: 5.480 GC heap after
{Heap after GC invocations=21 (full 0):
 garbage-first heap   total 153600K, used 93545K [0x0000000080000000, 0x0000000100000000)
  region size 1024K, 6 young (6144K), 6 survivors (6144K)
 Metaspace       used 60591K, committed 62272K, reserved 1114112K
  class space    used 8286K, committed 9088K, reserved 1048576K
}
Event: 5.915 GC heap before
{Heap before GC invocations=21 (full 0):
 garbage-first heap   total 153600K, used 136553K [0x0000000080000000, 0x0000000100000000)
  region size 1024K, 48 young (49152K), 6 survivors (6144K)
 Metaspace       used 66214K, committed 67904K, reserved 1114112K
  class space    used 9111K, committed 9920K, reserved 1048576K
}
Event: 5.918 GC heap after
{Heap after GC invocations=22 (full 0):
 garbage-first heap   total 153600K, used 94773K [0x0000000080000000, 0x0000000100000000)
  region size 1024K, 5 young (5120K), 5 survivors (5120K)
 Metaspace       used 66214K, committed 67904K, reserved 1114112K
  class space    used 9111K, committed 9920K, reserved 1048576K
}
Event: 6.263 GC heap before
{Heap before GC invocations=22 (full 0):
 garbage-first heap   total 153600K, used 138805K [0x0000000080000000, 0x0000000100000000)
  region size 1024K, 48 young (49152K), 5 survivors (5120K)
 Metaspace       used 71319K, committed 73152K, reserved 1114112K
  class space    used 9930K, committed 10816K, reserved 1048576K
}
Event: 6.267 GC heap after
{Heap after GC invocations=23 (full 0):
 garbage-first heap   total 153600K, used 97706K [0x0000000080000000, 0x0000000100000000)
  region size 1024K, 5 young (5120K), 5 survivors (5120K)
 Metaspace       used 71319K, committed 73152K, reserved 1114112K
  class space    used 9930K, committed 10816K, reserved 1048576K
}

Dll operation events (3 events):
Event: 0.076 Loaded shared library D:\Android\Android Studio\jbr\bin\java.dll
Event: 0.091 Loaded shared library D:\Android\Android Studio\jbr\bin\zip.dll
Event: 0.643 Loaded shared library D:\Android\Android Studio\jbr\bin\verify.dll

Deoptimization events (20 events):
Event: 6.215 Thread 0x00000288f6517ce0 Uncommon trap: trap_request=0xffffffde fr.pc=0x00000288e2ffa410 relative=0x0000000000003c10
Event: 6.215 Thread 0x00000288f6517ce0 Uncommon trap: reason=class_check action=maybe_recompile pc=0x00000288e2ffa410 method=java.net.URLClassLoader.defineClass(Ljava/lang/String;Ljdk/internal/loader/Resource;)Ljava/lang/Class; @ 34 c2
Event: 6.215 Thread 0x00000288f6517ce0 DEOPT PACKING pc=0x00000288e2ffa410 sp=0x000000ac473f6d50
Event: 6.215 Thread 0x00000288f6517ce0 DEOPT UNPACKING pc=0x00000288e27946a2 sp=0x000000ac473f6b58 mode 2
Event: 6.216 Thread 0x00000288f6517ce0 Uncommon trap: trap_request=0xffffffde fr.pc=0x00000288e2ffa410 relative=0x0000000000003c10
Event: 6.216 Thread 0x00000288f6517ce0 Uncommon trap: reason=class_check action=maybe_recompile pc=0x00000288e2ffa410 method=java.net.URLClassLoader.defineClass(Ljava/lang/String;Ljdk/internal/loader/Resource;)Ljava/lang/Class; @ 34 c2
Event: 6.216 Thread 0x00000288f6517ce0 DEOPT PACKING pc=0x00000288e2ffa410 sp=0x000000ac473f6d50
Event: 6.216 Thread 0x00000288f6517ce0 DEOPT UNPACKING pc=0x00000288e27946a2 sp=0x000000ac473f6b58 mode 2
Event: 6.218 Thread 0x00000288f6517ce0 Uncommon trap: trap_request=0xffffffde fr.pc=0x00000288e30079cc relative=0x0000000000003aec
Event: 6.218 Thread 0x00000288f6517ce0 Uncommon trap: reason=class_check action=maybe_recompile pc=0x00000288e30079cc method=java.net.URLClassLoader.defineClass(Ljava/lang/String;Ljdk/internal/loader/Resource;)Ljava/lang/Class; @ 34 c2
Event: 6.218 Thread 0x00000288f6517ce0 DEOPT PACKING pc=0x00000288e30079cc sp=0x000000ac473f6ca0
Event: 6.218 Thread 0x00000288f6517ce0 DEOPT UNPACKING pc=0x00000288e27946a2 sp=0x000000ac473f6c00 mode 2
Event: 6.242 Thread 0x00000288f6517ce0 Uncommon trap: trap_request=0xffffff45 fr.pc=0x00000288e303fff4 relative=0x0000000000000834
Event: 6.242 Thread 0x00000288f6517ce0 Uncommon trap: reason=unstable_if action=reinterpret pc=0x00000288e303fff4 method=java.util.HashMap.putVal(ILjava/lang/Object;Ljava/lang/Object;ZZ)Ljava/lang/Object; @ 85 c2
Event: 6.242 Thread 0x00000288f6517ce0 DEOPT PACKING pc=0x00000288e303fff4 sp=0x000000ac473f72c0
Event: 6.242 Thread 0x00000288f6517ce0 DEOPT UNPACKING pc=0x00000288e27946a2 sp=0x000000ac473f71f0 mode 2
Event: 6.245 Thread 0x00000288f6517ce0 Uncommon trap: trap_request=0xffffff45 fr.pc=0x00000288e2e6f80c relative=0x00000000000003cc
Event: 6.245 Thread 0x00000288f6517ce0 Uncommon trap: reason=unstable_if action=reinterpret pc=0x00000288e2e6f80c method=org.gradle.internal.reflect.PropertyAccessorType.isGetGetterName(Ljava/lang/String;)Z @ 14 c2
Event: 6.245 Thread 0x00000288f6517ce0 DEOPT PACKING pc=0x00000288e2e6f80c sp=0x000000ac473f7760
Event: 6.245 Thread 0x00000288f6517ce0 DEOPT UNPACKING pc=0x00000288e27946a2 sp=0x000000ac473f76b8 mode 2

Classes loaded (20 events):
Event: 6.119 Loading class java/util/IdentityHashMap$EntrySet
Event: 6.119 Loading class java/util/IdentityHashMap$EntrySet done
Event: 6.120 Loading class java/util/IdentityHashMap$EntryIterator
Event: 6.120 Loading class java/util/IdentityHashMap$IdentityHashMapIterator
Event: 6.120 Loading class java/util/IdentityHashMap$IdentityHashMapIterator done
Event: 6.120 Loading class java/util/IdentityHashMap$EntryIterator done
Event: 6.120 Loading class java/util/IdentityHashMap$EntryIterator$Entry
Event: 6.120 Loading class java/util/IdentityHashMap$EntryIterator$Entry done
Event: 6.145 Loading class java/lang/invoke/SerializedLambda$1
Event: 6.145 Loading class java/lang/invoke/SerializedLambda$1 done
Event: 6.161 Loading class org/xml/sax/Locator
Event: 6.161 Loading class org/xml/sax/Locator done
Event: 6.161 Loading class org/xml/sax/SAXParseException
Event: 6.161 Loading class org/xml/sax/SAXParseException done
Event: 6.162 Loading class org/xml/sax/Attributes
Event: 6.162 Loading class org/xml/sax/Attributes done
Event: 6.201 Loading class java/util/DualPivotQuicksort
Event: 6.202 Loading class java/util/DualPivotQuicksort done
Event: 6.243 Loading class java/util/function/LongUnaryOperator
Event: 6.243 Loading class java/util/function/LongUnaryOperator done

Classes unloaded (0 events):
No events

Classes redefined (6 events):
Event: 0.221 Thread 0x00000288efaf8500 redefined class name=java.io.FileOutputStream, count=1
Event: 0.223 Thread 0x00000288efaf8500 redefined class name=java.lang.ClassLoader, count=1
Event: 0.224 Thread 0x00000288efaf8500 redefined class name=java.nio.file.Files, count=1
Event: 0.225 Thread 0x00000288efaf8500 redefined class name=java.io.File, count=1
Event: 0.226 Thread 0x00000288efaf8500 redefined class name=java.net.URLStreamHandler, count=1
Event: 0.227 Thread 0x00000288efaf8500 redefined class name=java.lang.Thread, count=1

Internal exceptions (20 events):
Event: 5.904 Thread 0x00000288f6517ce0 Exception <a 'sun/nio/fs/WindowsException'{0x0000000086ad0a38}> (0x0000000086ad0a38) 
thrown [s\src\hotspot\share\prims\jni.cpp, line 537]
Event: 5.904 Thread 0x00000288f6517ce0 Exception <a 'sun/nio/fs/WindowsException'{0x0000000086ad2488}> (0x0000000086ad2488) 
thrown [s\src\hotspot\share\prims\jni.cpp, line 537]
Event: 5.904 Thread 0x00000288f6517ce0 Exception <a 'sun/nio/fs/WindowsException'{0x0000000086adb9c0}> (0x0000000086adb9c0) 
thrown [s\src\hotspot\share\prims\jni.cpp, line 537]
Event: 5.972 Thread 0x00000288f6517ce0 Exception <a 'java/lang/NoSuchMethodError'{0x000000008e47af28}: 'void java.lang.invoke.DirectMethodHandle$Holder.invokeStatic(java.lang.Object, java.lang.Object, java.lang.Object, java.lang.Object, java.lang.Object, java.lang.Object, java.lang.Object)'> (0x000000008e47af28) 
thrown [s\src\hotspot\share\interpreter\linkResolver.cpp, line 784]
Event: 6.117 Thread 0x00000288f6517ce0 Exception <a 'java/lang/NoSuchMethodError'{0x0000000087aa71b0}: 'void java.lang.invoke.DelegatingMethodHandle$Holder.reinvoke_L(java.lang.Object, java.lang.Object, int)'> (0x0000000087aa71b0) 
thrown [s\src\hotspot\share\interpreter\linkResolver.cpp, line 784]
Event: 6.117 Thread 0x00000288f6517ce0 Exception <a 'java/lang/NoSuchMethodError'{0x0000000087aae7c8}: 'int java.lang.invoke.Invokers$Holder.invokeExact_MT(java.lang.Object, java.lang.Object, java.lang.Object)'> (0x0000000087aae7c8) 
thrown [s\src\hotspot\share\interpreter\linkResolver.cpp, line 784]
Event: 6.118 Thread 0x00000288f6517ce0 Exception <a 'java/lang/NoSuchMethodError'{0x0000000087ac53a8}: 'void java.lang.invoke.DelegatingMethodHandle$Holder.reinvoke_L(java.lang.Object, java.lang.Object, long)'> (0x0000000087ac53a8) 
thrown [s\src\hotspot\share\interpreter\linkResolver.cpp, line 784]
Event: 6.118 Thread 0x00000288f6517ce0 Exception <a 'java/lang/NoSuchMethodError'{0x0000000087accbd8}: 'long java.lang.invoke.Invokers$Holder.invokeExact_MT(java.lang.Object, java.lang.Object, java.lang.Object)'> (0x0000000087accbd8) 
thrown [s\src\hotspot\share\interpreter\linkResolver.cpp, line 784]
Event: 6.137 Thread 0x00000288f6517ce0 Exception <a 'java/lang/NoSuchMethodError'{0x000000008778dac0}: 'void java.lang.invoke.Invokers$Holder.invokeExact_MT(java.lang.Object, java.lang.Object, java.lang.Object, java.lang.Object)'> (0x000000008778dac0) 
thrown [s\src\hotspot\share\interpreter\linkResolver.cpp, line 784]
Event: 6.142 Thread 0x00000288f6517ce0 Exception <a 'java/lang/ClassNotFoundException'{0x0000000087602b78}: org/gradle/internal/serialize/codecs/core/ClosureCodec$BrokenScriptBeanInfo> (0x0000000087602b78) 
thrown [s\src\hotspot\share\classfile\systemDictionary.cpp, line 312]
Event: 6.142 Thread 0x00000288f6517ce0 Exception <a 'java/lang/ClassNotFoundException'{0x0000000087612c20}: org/gradle/internal/serialize/codecs/core/ClosureCodec$BrokenScriptCustomizer> (0x0000000087612c20) 
thrown [s\src\hotspot\share\classfile\systemDictionary.cpp, line 312]
Event: 6.142 Thread 0x00000288f6517ce0 Exception <a 'java/lang/ClassNotFoundException'{0x000000008762e778}: org/gradle/api/invocation/GradleBeanInfo> (0x000000008762e778) 
thrown [s\src\hotspot\share\classfile\systemDictionary.cpp, line 312]
Event: 6.142 Thread 0x00000288f6517ce0 Exception <a 'java/lang/ClassNotFoundException'{0x000000008763ba58}: org/gradle/api/invocation/GradleCustomizer> (0x000000008763ba58) 
thrown [s\src\hotspot\share\classfile\systemDictionary.cpp, line 312]
Event: 6.144 Thread 0x00000288f6517ce0 Exception <a 'java/lang/NoSuchMethodError'{0x000000008765dfa0}: 'void java.lang.invoke.Invokers$Holder.invokeExact_MT(java.lang.Object, java.lang.Object, int, java.lang.Object)'> (0x000000008765dfa0) 
thrown [s\src\hotspot\share\interpreter\linkResolver.cpp, line 784]
Event: 6.146 Thread 0x00000288f6517ce0 Exception <a 'java/lang/NoSuchMethodError'{0x0000000087681140}: 'void java.lang.invoke.Invokers$Holder.invokeExact_MT(java.lang.Object, java.lang.Object, long, java.lang.Object)'> (0x0000000087681140) 
thrown [s\src\hotspot\share\interpreter\linkResolver.cpp, line 784]
Event: 6.157 Thread 0x00000288f6517ce0 Exception <a 'java/lang/ClassNotFoundException'{0x00000000875bad90}: org/gradle/api/internal/project/DefaultProject_DecoratedBeanInfo> (0x00000000875bad90) 
thrown [s\src\hotspot\share\classfile\systemDictionary.cpp, line 312]
Event: 6.157 Thread 0x00000288f6517ce0 Exception <a 'java/lang/ClassNotFoundException'{0x00000000875c6fb0}: org/gradle/api/internal/project/DefaultProjectBeanInfo> (0x00000000875c6fb0) 
thrown [s\src\hotspot\share\classfile\systemDictionary.cpp, line 312]
Event: 6.157 Thread 0x00000288f6517ce0 Exception <a 'java/lang/ClassNotFoundException'{0x00000000875d3288}: org/gradle/api/internal/project/DefaultProjectCustomizer> (0x00000000875d3288) 
thrown [s\src\hotspot\share\classfile\systemDictionary.cpp, line 312]
Event: 6.159 Thread 0x00000288f6517ce0 Exception <a 'java/lang/ClassNotFoundException'{0x0000000087491820}: org/gradle/api/internal/project/DefaultProject_DecoratedCustomizer> (0x0000000087491820) 
thrown [s\src\hotspot\share\classfile\systemDictionary.cpp, line 312]
Event: 6.243 Thread 0x00000288f6517ce0 Exception <a 'java/lang/NoSuchMethodError'{0x0000000086b45c28}: 'long java.lang.invoke.DirectMethodHandle$Holder.invokeStatic(java.lang.Object, long)'> (0x0000000086b45c28) 
thrown [s\src\hotspot\share\interpreter\linkResolver.cpp, line 784]

ZGC Phase Switch (0 events):
No events

VM Operations (20 events):
Event: 5.124 Executing VM operation: HandshakeAllThreads (Deoptimize) done
Event: 5.265 Executing VM operation: HandshakeAllThreads (Deoptimize)
Event: 5.265 Executing VM operation: HandshakeAllThreads (Deoptimize) done
Event: 5.476 Executing VM operation: G1CollectForAllocation (G1 Evacuation Pause)
Event: 5.480 Executing VM operation: G1CollectForAllocation (G1 Evacuation Pause) done
Event: 5.914 Executing VM operation: G1CollectForAllocation (G1 Evacuation Pause)
Event: 5.918 Executing VM operation: G1CollectForAllocation (G1 Evacuation Pause) done
Event: 5.976 Executing VM operation: HandshakeAllThreads (Deoptimize)
Event: 5.976 Executing VM operation: HandshakeAllThreads (Deoptimize) done
Event: 6.018 Executing VM operation: HandshakeAllThreads (Deoptimize)
Event: 6.018 Executing VM operation: HandshakeAllThreads (Deoptimize) done
Event: 6.046 Executing VM operation: ICBufferFull
Event: 6.046 Executing VM operation: ICBufferFull done
Event: 6.088 Executing VM operation: HandshakeAllThreads (Deoptimize)
Event: 6.088 Executing VM operation: HandshakeAllThreads (Deoptimize) done
Event: 6.129 Executing VM operation: HandshakeAllThreads (Deoptimize)
Event: 6.129 Executing VM operation: HandshakeAllThreads (Deoptimize) done
Event: 6.263 Executing VM operation: G1CollectForAllocation (G1 Evacuation Pause)
Event: 6.267 Executing VM operation: G1CollectForAllocation (G1 Evacuation Pause) done
Event: 6.285 Executing VM operation: G1PauseRemark

Memory protections (0 events):
No events

Nmethod flushes (20 events):
Event: 6.287 Thread 0x00000288efaf8500 flushing  nmethod 0x00000288db26d310
Event: 6.287 Thread 0x00000288efaf8500 flushing  nmethod 0x00000288db272c10
Event: 6.287 Thread 0x00000288efaf8500 flushing  nmethod 0x00000288db34e010
Event: 6.287 Thread 0x00000288efaf8500 flushing  nmethod 0x00000288db34eb90
Event: 6.287 Thread 0x00000288efaf8500 flushing  nmethod 0x00000288db3bcf10
Event: 6.287 Thread 0x00000288efaf8500 flushing  nmethod 0x00000288db3c0190
Event: 6.287 Thread 0x00000288efaf8500 flushing  nmethod 0x00000288db423a10
Event: 6.287 Thread 0x00000288efaf8500 flushing  nmethod 0x00000288db51f590
Event: 6.287 Thread 0x00000288efaf8500 flushing  nmethod 0x00000288db51fd90
Event: 6.287 Thread 0x00000288efaf8500 flushing  nmethod 0x00000288db523f90
Event: 6.287 Thread 0x00000288efaf8500 flushing  nmethod 0x00000288db525e90
Event: 6.287 Thread 0x00000288efaf8500 flushing  nmethod 0x00000288db526490
Event: 6.287 Thread 0x00000288efaf8500 flushing  nmethod 0x00000288db526b10
Event: 6.287 Thread 0x00000288efaf8500 flushing  nmethod 0x00000288db6d0290
Event: 6.287 Thread 0x00000288efaf8500 flushing  nmethod 0x00000288db82a910
Event: 6.287 Thread 0x00000288efaf8500 flushing  nmethod 0x00000288db82ac90
Event: 6.287 Thread 0x00000288efaf8500 flushing  nmethod 0x00000288db82cd10
Event: 6.287 Thread 0x00000288efaf8500 flushing  nmethod 0x00000288dba53810
Event: 6.287 Thread 0x00000288efaf8500 flushing  nmethod 0x00000288dba54310
Event: 6.287 Thread 0x00000288efaf8500 flushing  nmethod 0x00000288dba56790

Events (20 events):
Event: 4.786 Thread 0x00000288f6517ce0 Thread added: 0x00000288f8218e40
Event: 4.827 Thread 0x00000288f6517ce0 Thread added: 0x00000288f821cfe0
Event: 4.828 Thread 0x00000288f6517ce0 Thread added: 0x00000288f82166e0
Event: 4.950 Thread 0x00000288f6517ce0 Thread added: 0x00000288f8216050
Event: 4.951 Thread 0x00000288f6517ce0 Thread added: 0x00000288f8217a90
Event: 4.952 Thread 0x00000288f6517ce0 Thread added: 0x00000288f8217400
Event: 4.952 Thread 0x00000288f6517ce0 Thread added: 0x00000288f821a880
Event: 4.952 Thread 0x00000288f6517ce0 Thread added: 0x00000288f8216d70
Event: 4.953 Thread 0x00000288f6517ce0 Thread added: 0x00000288f821af10
Event: 4.953 Thread 0x00000288f6517ce0 Thread added: 0x00000288f821a1f0
Event: 4.954 Thread 0x00000288f6517ce0 Thread added: 0x00000288f8218120
Event: 4.971 Thread 0x00000288f6517ce0 Thread added: 0x00000288f82187b0
Event: 4.972 Thread 0x00000288f6517ce0 Thread added: 0x00000288f821bc30
Event: 4.972 Thread 0x00000288f6517ce0 Thread added: 0x00000288f821c950
Event: 4.973 Thread 0x00000288f6517ce0 Thread added: 0x00000288f821c2c0
Event: 4.974 Thread 0x00000288f6517ce0 Thread added: 0x00000288f8219b60
Event: 4.974 Thread 0x00000288f6517ce0 Thread added: 0x00000288f821b5a0
Event: 4.975 Thread 0x00000288f6517ce0 Thread added: 0x00000288fa291e70
Event: 4.975 Thread 0x00000288f6517ce0 Thread added: 0x00000288fa290430
Event: 4.976 Thread 0x00000288f6517ce0 Thread added: 0x00000288fa290ac0


Dynamic libraries:
0x00007ff72a690000 - 0x00007ff72a69a000 	D:\Android\Android Studio\jbr\bin\java.exe
0x00007ff9cb4b0000 - 0x00007ff9cb6c7000 	C:\Windows\SYSTEM32\ntdll.dll
0x00007ff9cb1f0000 - 0x00007ff9cb2b4000 	C:\Windows\System32\KERNEL32.DLL
0x00007ff9cae40000 - 0x00007ff9cb1ed000 	C:\Windows\System32\KERNELBASE.dll
0x0000000064180000 - 0x000000006421e000 	C:\ProgramData\Symantec\Symantec Endpoint Protection\14.3.10148.8000.105\Data\Sysfer\x64\sysfer.dll
0x0000000078630000 - 0x000000007866e000 	C:\Windows\System32\cyinjct.dll
0x00007ff9cacb0000 - 0x00007ff9cacd4000 	C:\Windows\System32\cyvera.dll
0x00007ff9b1bd0000 - 0x00007ff9b1be8000 	D:\Android\Android Studio\jbr\bin\jli.dll
0x00000288d5b30000 - 0x00000288d5cde000 	C:\Windows\System32\USER32.dll
0x00007ff9c88c0000 - 0x00007ff9c88e6000 	C:\Windows\System32\win32u.dll
0x00007ff9ca400000 - 0x00007ff9ca429000 	C:\Windows\System32\GDI32.dll
0x00007ff9c8b80000 - 0x00007ff9c8c99000 	C:\Windows\System32\gdi32full.dll
0x00007ff9c8640000 - 0x00007ff9c86da000 	C:\Windows\System32\msvcp_win.dll
0x00000288d5ce0000 - 0x00000288d5df1000 	C:\Windows\System32\ucrtbase.dll
0x00007ff9b09f0000 - 0x00007ff9b0a0b000 	D:\Android\Android Studio\jbr\bin\VCRUNTIME140.dll
0x00007ff9afc40000 - 0x00007ff9afed3000 	C:\Windows\WinSxS\amd64_microsoft.windows.common-controls_6595b64144ccf1df_6.0.22621.3672_none_2713b9d173822955\COMCTL32.dll
0x00007ff9c94d0000 - 0x00007ff9c9577000 	C:\Windows\System32\msvcrt.dll
0x00007ff9cabe0000 - 0x00007ff9caca6000 	C:\Windows\System32\cyvrtrap.dll
0x00007ff9ca3b0000 - 0x00007ff9ca3e1000 	C:\Windows\System32\IMM32.DLL
0x00007ff9c2a70000 - 0x00007ff9c2a7c000 	D:\Android\Android Studio\jbr\bin\vcruntime140_1.dll
0x00007ff997e50000 - 0x00007ff997edd000 	D:\Android\Android Studio\jbr\bin\msvcp140.dll
0x00007ff934200000 - 0x00007ff934e8e000 	D:\Android\Android Studio\jbr\bin\server\jvm.dll
0x00007ff9ca2e0000 - 0x00007ff9ca392000 	C:\Windows\System32\ADVAPI32.dll
0x00007ff9caae0000 - 0x00007ff9cab89000 	C:\Windows\System32\sechost.dll
0x00007ff9c8890000 - 0x00007ff9c88b8000 	C:\Windows\System32\bcrypt.dll
0x00007ff9cad20000 - 0x00007ff9cae34000 	C:\Windows\System32\RPCRT4.dll
0x00007ff9ca880000 - 0x00007ff9ca8f1000 	C:\Windows\System32\WS2_32.dll
0x00007ff9c82a0000 - 0x00007ff9c82ed000 	C:\Windows\SYSTEM32\POWRPROF.dll
0x00007ff9bf0a0000 - 0x00007ff9bf0d4000 	C:\Windows\SYSTEM32\WINMM.dll
0x00007ff9b3530000 - 0x00007ff9b353a000 	C:\Windows\SYSTEM32\VERSION.dll
0x00007ff9c8280000 - 0x00007ff9c8293000 	C:\Windows\SYSTEM32\UMPDC.dll
0x00007ff9c7630000 - 0x00007ff9c7648000 	C:\Windows\SYSTEM32\kernel.appcore.dll
0x00007ff9b1e00000 - 0x00007ff9b1e0a000 	D:\Android\Android Studio\jbr\bin\jimage.dll
0x00007ff9c5f00000 - 0x00007ff9c6132000 	C:\Windows\SYSTEM32\DBGHELP.DLL
0x00007ff9c8ca0000 - 0x00007ff9c902d000 	C:\Windows\System32\combase.dll
0x00007ff9ca7a0000 - 0x00007ff9ca877000 	C:\Windows\System32\OLEAUT32.dll
0x00007ff996640000 - 0x00007ff996672000 	C:\Windows\SYSTEM32\dbgcore.DLL
0x00007ff9c86e0000 - 0x00007ff9c875b000 	C:\Windows\System32\bcryptPrimitives.dll
0x00007ff9c4a90000 - 0x00007ff9c4a9e000 	D:\Android\Android Studio\jbr\bin\instrument.dll
0x00007ff9b09d0000 - 0x00007ff9b09f0000 	D:\Android\Android Studio\jbr\bin\java.dll
0x00007ff9cab90000 - 0x00007ff9cabda000 	C:\Program Files\Palo Alto Networks\Traps\cyjagent.dll
0x00007ff9af380000 - 0x00007ff9af398000 	D:\Android\Android Studio\jbr\bin\zip.dll
0x00007ff9c9800000 - 0x00007ff9ca068000 	C:\Windows\System32\SHELL32.dll
0x00007ff9c6140000 - 0x00007ff9c6a3e000 	C:\Windows\SYSTEM32\windows.storage.dll
0x00007ff9c5d10000 - 0x00007ff9c5e4f000 	C:\Windows\SYSTEM32\wintypes.dll
0x00007ff9ca490000 - 0x00007ff9ca589000 	C:\Windows\System32\SHCORE.dll
0x00007ff9ca120000 - 0x00007ff9ca17e000 	C:\Windows\System32\shlwapi.dll
0x00007ff9c8570000 - 0x00007ff9c8591000 	C:\Windows\SYSTEM32\profapi.dll
0x00007ff9b13d0000 - 0x00007ff9b13e0000 	D:\Android\Android Studio\jbr\bin\net.dll
0x00007ff9beee0000 - 0x00007ff9bf016000 	C:\Windows\SYSTEM32\WINHTTP.dll
0x00007ff9c7a90000 - 0x00007ff9c7af9000 	C:\Windows\system32\mswsock.dll
0x00007ff9af360000 - 0x00007ff9af376000 	D:\Android\Android Studio\jbr\bin\nio.dll
0x00007ff9aec70000 - 0x00007ff9aec80000 	D:\Android\Android Studio\jbr\bin\verify.dll
0x00007ff9b1410000 - 0x00007ff9b1437000 	D:\Users\abdul.ibrahim\.gradle\native\1def1411415f61bf3af743bc5b6707747c0891f09f0c88961ee8f79bc544acac\windows-amd64\native-platform.dll
0x00007ff963840000 - 0x00007ff9638b8000 	D:\Users\abdul.ibrahim\.gradle\native\0.2.7\x86_64-windows-gnu\gradle-fileevents.dll
0x00007ff9b10a0000 - 0x00007ff9b10a9000 	D:\Android\Android Studio\jbr\bin\management.dll
0x00007ff9b0de0000 - 0x00007ff9b0deb000 	D:\Android\Android Studio\jbr\bin\management_ext.dll
0x00007ff9ca3f0000 - 0x00007ff9ca3f8000 	C:\Windows\System32\PSAPI.DLL
0x00007ff9c6eb0000 - 0x00007ff9c6edd000 	C:\Windows\SYSTEM32\IPHLPAPI.DLL
0x00007ff9ca3a0000 - 0x00007ff9ca3a9000 	C:\Windows\System32\NSI.dll
0x00007ff9b13a0000 - 0x00007ff9b13a9000 	D:\Android\Android Studio\jbr\bin\extnet.dll
0x00007ff9c7de0000 - 0x00007ff9c7dfb000 	C:\Windows\SYSTEM32\CRYPTSP.dll
0x00007ff9c7590000 - 0x00007ff9c75c5000 	C:\Windows\system32\rsaenh.dll
0x00007ff9c7b30000 - 0x00007ff9c7b58000 	C:\Windows\SYSTEM32\USERENV.dll
0x00007ff9c7dc0000 - 0x00007ff9c7dcc000 	C:\Windows\SYSTEM32\CRYPTBASE.dll
0x00007ff987cf0000 - 0x00007ff987cf8000 	C:\Windows\system32\wshunix.dll

dbghelp: loaded successfully - version: 4.0.5 - missing functions: none
symbol engine: initialized successfully - sym options: 0x614 - pdb path: .;D:\Android\Android Studio\jbr\bin;C:\Windows\SYSTEM32;C:\ProgramData\Symantec\Symantec Endpoint Protection\14.3.10148.8000.105\Data\Sysfer\x64;C:\Windows\WinSxS\amd64_microsoft.windows.common-controls_6595b64144ccf1df_6.0.22621.3672_none_2713b9d173822955;D:\Android\Android Studio\jbr\bin\server;C:\Program Files\Palo Alto Networks\Traps;D:\Users\abdul.ibrahim\.gradle\native\1def1411415f61bf3af743bc5b6707747c0891f09f0c88961ee8f79bc544acac\windows-amd64;D:\Users\abdul.ibrahim\.gradle\native\0.2.7\x86_64-windows-gnu

VM Arguments:
jvm_args: --add-opens=java.base/java.lang=ALL-UNNAMED --add-opens=java.base/java.lang.invoke=ALL-UNNAMED --add-opens=java.base/java.util=ALL-UNNAMED --add-opens=java.prefs/java.util.prefs=ALL-UNNAMED --add-exports=jdk.compiler/com.sun.tools.javac.api=ALL-UNNAMED --add-exports=jdk.compiler/com.sun.tools.javac.util=ALL-UNNAMED --add-opens=java.base/java.util=ALL-UNNAMED --add-opens=java.prefs/java.util.prefs=ALL-UNNAMED --add-opens=java.base/java.nio.charset=ALL-UNNAMED --add-opens=java.base/java.net=ALL-UNNAMED --add-opens=java.base/java.util.concurrent.atomic=ALL-UNNAMED --add-opens=java.xml/javax.xml.namespace=ALL-UNNAMED -Xmx2048m -Dfile.encoding=UTF-8 -Duser.country=ID -Duser.language=en -Duser.variant -javaagent:D:\Users\abdul.ibrahim\.gradle\wrapper\dists\gradle-8.13-bin\5xuhj0ry160q40clulazy9h7d\gradle-8.13\lib\agents\gradle-instrumentation-agent-8.13.jar -agentpath:C:\Program Files\Palo Alto Networks\Traps\cyjagent.dll 
java_command: org.gradle.launcher.daemon.bootstrap.GradleDaemon 8.13
java_class_path (initial): D:\Users\abdul.ibrahim\.gradle\wrapper\dists\gradle-8.13-bin\5xuhj0ry160q40clulazy9h7d\gradle-8.13\lib\gradle-daemon-main-8.13.jar
Launcher Type: SUN_STANDARD

[Global flags]
     intx CICompilerCount                          = 4                                         {product} {ergonomic}
     uint ConcGCThreads                            = 3                                         {product} {ergonomic}
     uint G1ConcRefinementThreads                  = 10                                        {product} {ergonomic}
   size_t G1HeapRegionSize                         = 1048576                                   {product} {ergonomic}
    uintx GCDrainStackTargetSize                   = 64                                        {product} {ergonomic}
   size_t InitialHeapSize                          = 264241152                                 {product} {ergonomic}
   size_t MarkStackSize                            = 4194304                                   {product} {ergonomic}
   size_t MaxHeapSize                              = 2147483648                                {product} {command line}
   size_t MaxNewSize                               = 1287651328                                {product} {ergonomic}
   size_t MinHeapDeltaBytes                        = 1048576                                   {product} {ergonomic}
   size_t MinHeapSize                              = 8388608                                   {product} {ergonomic}
    uintx NonNMethodCodeHeapSize                   = 5839372                                {pd product} {ergonomic}
    uintx NonProfiledCodeHeapSize                  = 122909434                              {pd product} {ergonomic}
    uintx ProfiledCodeHeapSize                     = 122909434                              {pd product} {ergonomic}
    uintx ReservedCodeCacheSize                    = 251658240                              {pd product} {ergonomic}
     bool SegmentedCodeCache                       = true                                      {product} {ergonomic}
   size_t SoftMaxHeapSize                          = 2147483648                             {manageable} {ergonomic}
     bool UseCompressedOops                        = true                           {product lp64_product} {ergonomic}
     bool UseG1GC                                  = true                                      {product} {ergonomic}
     bool UseLargePagesIndividualAllocation        = false                                  {pd product} {ergonomic}

Logging:
Log output configuration:
 #0: stdout all=warning uptime,level,tags foldmultilines=false
 #1: stderr all=off uptime,level,tags foldmultilines=false

Environment Variables:
PATH=D:\Program Files\Python312\Scripts\;D:\Program Files\Python312\;C:\Program Files\Common Files\Oracle\Java\javapath;C:\Program Files (x86)\Common Files\Oracle\Java\java8path;C:\Program Files (x86)\Common Files\Oracle\Java\javapath;C:\Windows\system32;C:\Windows;C:\Windows\System32\Wbem;C:\Windows\System32\WindowsPowerShell\v1.0\;C:\Windows\System32\OpenSSH\;C:\Program Files\dotnet\;D:\laragon\bin\php\php-7.4.33-Win32-vc15-x64;D:\xampp\php;C:\composer;C:\Users\Administrator\AppData\Roaming\nvm;C:\Program Files\nodejs;C:\TDM-GCC-64\bin;C:\MinGW\bin;C:\Program Files (x86)\CMake\bin;C:\Program Files\Go\bin;D:\Users\abdul.ibrahim\AppData\Local\Programs\Python\Python313\Scripts\;C:\Program Files\PuTTY\;D:\Program Files\Erlang OTP\bin;D:\Program Files\RabbitMQ\rabbitmq_server-4.0.7\sbin;C:\Users\abdul.ibrahim\AppData\Roaming\Composer\vendor\bin;C:\Program Files\gs\gs10.06.0\bin;D:\Android\Sdk\platform-tools;C:\Program Files\Cloudflare\Cloudflare WARP\;D:\Users\abdul.ibrahim\AppData\Local\Programs\Python\Launcher\;D:\Users\abdul.ibrahim\AppData\Local\Microsoft\WindowsApps;D:\Users\abdul.ibrahim\AppData\Local\Programs\Microsoft VS Code\bin;D:\Users\abdul.ibrahim\AppData\Local\Programs\Git\cmd;D:\Users\abdul.ibrahim\AppData\Roaming\npm;C:\TDM-GCC-64\bin;D:\Users\abdul.ibrahim\go\bin
USERNAME=Abdul.Ibrahim
OS=Windows_NT
PROCESSOR_IDENTIFIER=Intel64 Family 6 Model 186 Stepping 3, GenuineIntel
TMP=D:\Users\abdul.ibrahim\AppData\Local\Temp
TEMP=D:\Users\abdul.ibrahim\AppData\Local\Temp




Periodic native trim disabled

JNI global refs:
JNI global refs: 27, weak refs: 2

JNI global refs memory usage: 835, weak refs: 833

Process memory usage:
Resident Set Size: 368776K (2% of 16426148K total physical memory with 1684568K free physical memory)

OOME stack traces (most recent first):
Classloader memory used:
Loader org.gradle.internal.classloader.VisitableURLClassLoader                         : 36281K
Loader bootstrap                                                                       : 23258K
Loader org.gradle.initialization.MixInLegacyTypesClassLoader                           : 9241K
Loader org.gradle.internal.classloader.VisitableURLClassLoader                         : 889K
Loader org.gradle.internal.classloader.VisitableURLClassLoader$InstrumentingVisitableURLClassLoader: 736K
Loader jdk.internal.loader.ClassLoaders$PlatformClassLoader                            : 497K
Loader jdk.internal.loader.ClassLoaders$AppClassLoader                                 : 233K
Loader jdk.internal.reflect.DelegatingClassLoader                                      : 211K
Loader org.gradle.groovy.scripts.internal.DefaultScriptCompilationHandler$ScriptClassLoader: 90000B
Loader org.codehaus.groovy.runtime.callsite.CallSiteClassLoader                        : 48864B

Classes loaded by more than one classloader:
Class org.gradle.api.GradleException                                                  : loaded 3 times (x 80B)
Class org.gradle.internal.classloader.FilteringClassLoader                            : loaded 2 times (x 103B)
Class org.gradle.internal.classloader.ClassLoaderHierarchy                            : loaded 2 times (x 68B)
Class org.gradle.api.internal.classpath.ManifestUtil                                  : loaded 2 times (x 69B)
Class org.jetbrains.plugins.gradle.model.GradleExtensions                             : loaded 2 times (x 68B)
Class org.jetbrains.plugins.gradle.model.AnnotationProcessingModel                    : loaded 2 times (x 68B)
Class org.gradle.internal.operations.MultipleBuildOperationFailures                   : loaded 2 times (x 93B)
Class org.gradle.internal.classloader.DefaultClassLoaderFactory                       : loaded 2 times (x 80B)
Class kotlin.collections.AbstractList$Companion                                       : loaded 2 times (x 69B)
Class org.gradle.internal.classloader.ClassLoaderVisitor                              : loaded 2 times (x 74B)
Class org.gradle.api.internal.classpath.EffectiveClassPath                            : loaded 2 times (x 88B)
Class org.gradle.tooling.internal.gradle.DefaultProjectIdentifier                     : loaded 2 times (x 84B)
Class org.gradle.api.internal.DefaultClassPathProvider                                : loaded 2 times (x 74B)
Class sync_studio_tooling2_cf3n9umva2r5i2pse31i4gm5d                                  : loaded 2 times (x 177B)
Class [Lorg.gradle.api.internal.ClassPathProvider;                                    : loaded 2 times (x 67B)
Class org.gradle.api.internal.ClassPathProvider                                       : loaded 2 times (x 68B)
Class org.gradle.internal.service.UnknownServiceException                             : loaded 2 times (x 81B)
Class org.jetbrains.kotlin.idea.gradleTooling.KotlinDslScriptAdditionalTask           : loaded 2 times (x 68B)
Class org.gradle.internal.classpath.TransformedClassPath                              : loaded 2 times (x 94B)
Class org.gradle.internal.classloader.InstrumentingClassLoader                        : loaded 2 times (x 68B)
Class kotlin.enums.EnumEntriesList                                                    : loaded 2 times (x 221B)
Class org.jetbrains.kotlin.idea.gradleTooling.KotlinSourceSetContainer                : loaded 2 times (x 68B)
Class org.jetbrains.plugins.gradle.model.IntelliJSettings                             : loaded 2 times (x 68B)
Class org.gradle.internal.service.ServiceLocator                                      : loaded 2 times (x 68B)
Class org.gradle.tooling.model.UnsupportedMethodException                             : loaded 2 times (x 80B)
Class com.intellij.compose.ide.plugin.gradleTooling.rt.ComposeResourcesModel          : loaded 2 times (x 68B)
Class org.gradle.internal.InternalTransformer                                         : loaded 2 times (x 68B)
Class org.gradle.internal.time.DefaultTimer                                           : loaded 2 times (x 78B)
Class org.gradle.internal.classloader.ClasspathUtil$1                                 : loaded 2 times (x 74B)
Class org.gradle.api.internal.classpath.DefaultModuleRegistry$DefaultModule           : loaded 2 times (x 84B)
Class org.gradle.internal.time.DefaultCountdownTimer                                  : loaded 2 times (x 86B)
Class org.gradle.tooling.internal.gradle.DefaultBuildIdentifier                       : loaded 2 times (x 77B)
Class kotlin.Function                                                                 : loaded 2 times (x 68B)
Class org.gradle.api.internal.classpath.Module                                        : loaded 2 times (x 68B)
Class org.gradle.api.internal.classpath.UnknownModuleException                        : loaded 2 times (x 80B)
Class com.intellij.openapi.externalSystem.model.project.dependencies.ProjectDependencies: loaded 2 times (x 68B)
Class org.gradle.tooling.internal.gradle.GradleProjectIdentity                        : loaded 2 times (x 68B)
Class org.gradle.api.internal.DefaultClassPathRegistry                                : loaded 2 times (x 74B)
Class org.gradle.api.internal.ClassPathRegistry                                       : loaded 2 times (x 68B)
Class org.gradle.internal.classpath.DefaultClassPath$ImmutableUniqueList              : loaded 2 times (x 197B)
Class Settings_gradle$1                                                               : loaded 2 times (x 72B)
Class Program                                                                         : loaded 2 times (x 70B)
Class org.gradle.internal.classpath.ClassPath                                         : loaded 2 times (x 68B)
Class org.gradle.api.UncheckedIOException                                             : loaded 2 times (x 80B)
Class org.jetbrains.kotlin.idea.gradleTooling.KotlinGradleModel                       : loaded 2 times (x 68B)
Class org.gradle.tooling.model.Model                                                  : loaded 2 times (x 68B)
Class kotlin.UninitializedPropertyAccessException                                     : loaded 2 times (x 80B)
Class org.jetbrains.plugins.gradle.model.IntelliJProjectSettings                      : loaded 2 times (x 68B)
Class org.gradle.internal.installation.GradleInstallation$1                           : loaded 2 times (x 73B)
Class org.gradle.api.internal.classpath.ModuleRegistry                                : loaded 2 times (x 68B)
Class org.jetbrains.plugins.gradle.model.VersionCatalogsModel                         : loaded 2 times (x 68B)
Class org.gradle.api.internal.classpath.DefaultModuleRegistry                         : loaded 2 times (x 84B)
Class org.gradle.internal.time.MonotonicClock                                         : loaded 2 times (x 75B)
Class org.gradle.internal.service.ServiceLookupException                              : loaded 2 times (x 80B)
Class ijInit1_9bgyp4ip8wdb3qc1xgkbe4jx7                                               : loaded 2 times (x 177B)
Class org.gradle.internal.classloader.ClassLoaderFactory                              : loaded 2 times (x 68B)
Class org.gradle.internal.service.CachingServiceLocator                               : loaded 2 times (x 80B)
Class org.jetbrains.plugins.gradle.model.RepositoryModels                             : loaded 2 times (x 68B)
Class org.gradle.internal.time.TimeSource                                             : loaded 2 times (x 68B)
Class org.gradle.tooling.internal.gradle.GradleBuildIdentity                          : loaded 2 times (x 68B)
Class kotlin.enums.EnumEntries                                                        : loaded 2 times (x 68B)
Class org.gradle.internal.exceptions.ResolutionProvider                               : loaded 2 times (x 68B)
Class org.gradle.tooling.model.ProjectIdentifier                                      : loaded 2 times (x 68B)
Class org.gradle.internal.classloader.ClasspathUtil                                   : loaded 2 times (x 69B)
Class org.gradle.internal.time.TimeSource$1                                           : loaded 2 times (x 75B)
Class kotlin.jvm.internal.DefaultConstructorMarker                                    : loaded 2 times (x 69B)
Class org.gradle.api.specs.Spec                                                       : loaded 2 times (x 68B)
Class org.gradle.internal.time.Clock                                                  : loaded 2 times (x 68B)
Class kotlin.collections.AbstractList                                                 : loaded 2 times (x 195B)
Class kotlin.collections.AbstractCollection                                           : loaded 2 times (x 115B)
Class org.gradle.internal.classloader.VisitableURLClassLoader$InstrumentingVisitableURLClassLoader: loaded 2 times (x 121B)
Class org.gradle.internal.classloader.VisitableURLClassLoader$Spec                    : loaded 2 times (x 72B)
Class org.gradle.internal.classpath.DefaultClassPath                                  : loaded 2 times (x 88B)
Class org.gradle.internal.classloader.ClassLoaderSpec                                 : loaded 2 times (x 69B)
Class Settings_gradle$1$1                                                             : loaded 2 times (x 72B)
Class kotlin.Unit                                                                     : loaded 2 times (x 69B)
Class org.gradle.internal.classloader.VisitableURLClassLoader                         : loaded 2 times (x 115B)
Class Settings_gradle                                                                 : loaded 2 times (x 126B)
Class org.gradle.internal.Cast                                                        : loaded 2 times (x 69B)
Class org.gradle.api.Action                                                           : loaded 2 times (x 68B)
Class kotlin.jvm.functions.Function1                                                  : loaded 2 times (x 68B)
Class org.gradle.internal.classpath.DefaultClassPath$ImmutableUniqueList$Builder      : loaded 2 times (x 73B)
Class kotlin.NotImplementedError                                                      : loaded 2 times (x 80B)
Class org.gradle.internal.exceptions.NonGradleCauseExceptionsHolder                   : loaded 2 times (x 68B)
Class org.jetbrains.plugins.gradle.tooling.ModelBuilderService$Parameter              : loaded 2 times (x 68B)
Class kotlin.enums.EnumEntriesKt                                                      : loaded 2 times (x 69B)
Class org.gradle.internal.IoActions                                                   : loaded 2 times (x 69B)
Class org.gradle.internal.classloader.SystemClassLoaderSpec                           : loaded 2 times (x 69B)
Class org.gradle.internal.exceptions.MultiCauseException                              : loaded 2 times (x 68B)
Class org.gradle.internal.time.CountdownTimer                                         : loaded 2 times (x 68B)
Class kotlin.jvm.internal.Intrinsics                                                  : loaded 2 times (x 69B)
Class org.gradle.tooling.model.ProjectModel                                           : loaded 2 times (x 68B)
Class kotlin.KotlinNullPointerException                                               : loaded 2 times (x 81B)
Class org.jetbrains.plugins.gradle.model.tests.ExternalTestsModel                     : loaded 2 times (x 68B)
Class org.gradle.internal.exceptions.DefaultMultiCauseException                       : loaded 2 times (x 93B)
Class org.gradle.internal.time.Time                                                   : loaded 2 times (x 69B)
Class org.jetbrains.plugins.gradle.model.DependencyAccessorsModel                     : loaded 2 times (x 68B)
Class org.gradle.api.internal.classpath.GlobalCacheRootsProvider                      : loaded 2 times (x 68B)
Class org.jetbrains.kotlin.idea.gradleTooling.KotlinMPPGradleModel                    : loaded 2 times (x 68B)
Class org.gradle.tooling.model.BuildIdentifier                                        : loaded 2 times (x 68B)
Class org.jetbrains.kotlin.idea.gradleTooling.PrepareKotlinIdeImportTaskModel         : loaded 2 times (x 68B)
Class org.gradle.internal.time.Timer                                                  : loaded 2 times (x 68B)
Class kotlin.jvm.internal.markers.KMappedMarker                                       : loaded 2 times (x 68B)
Class org.gradle.internal.installation.CurrentGradleInstallationLocator               : loaded 2 times (x 69B)
Class org.gradle.internal.service.DefaultServiceLocator                               : loaded 2 times (x 81B)
Class org.gradle.util.GradleVersion                                                   : loaded 2 times (x 77B)
Class org.gradle.internal.installation.CurrentGradleInstallation                      : loaded 2 times (x 71B)
Class org.jetbrains.plugins.gradle.javaModel.JavaGradleManifestModel                  : loaded 2 times (x 68B)
Class org.gradle.util.internal.GUtil                                                  : loaded 2 times (x 69B)
Class org.gradle.internal.installation.GradleInstallation                             : loaded 2 times (x 73B)

---------------  S Y S T E M  ---------------

OS:
 Windows 11 , 64 bit Build 22621 (10.0.22621.3958)
OS uptime: 6 days 12:23 hours
Hyper-V role detected

CPU: total 12 (initial active 12) (6 cores per cpu, 2 threads per core) family 6 model 186 stepping 3 microcode 0x411c, cx8, cmov, fxsr, ht, mmx, 3dnowpref, sse, sse2, sse3, ssse3, sse4.1, sse4.2, popcnt, lzcnt, tsc, tscinvbit, avx, avx2, aes, erms, clmul, bmi1, bmi2, adx, sha, fma, vzeroupper, clflush, clflushopt, clwb, hv, serialize, rdtscp, rdpid, fsrm, f16c, cet_ibt, cet_ss
Processor Information for processor 0
  Max Mhz: 1800, Current Mhz: 1800, Mhz Limit: 1800
Processor Information for processor 1
  Max Mhz: 1800, Current Mhz: 1800, Mhz Limit: 1800
Processor Information for processor 2
  Max Mhz: 1800, Current Mhz: 1800, Mhz Limit: 1800
Processor Information for processor 3
  Max Mhz: 1800, Current Mhz: 1800, Mhz Limit: 1800
Processor Information for processor 4
  Max Mhz: 1800, Current Mhz: 1300, Mhz Limit: 1296
Processor Information for processor 5
  Max Mhz: 1800, Current Mhz: 1300, Mhz Limit: 1296
Processor Information for processor 6
  Max Mhz: 1800, Current Mhz: 1300, Mhz Limit: 1296
Processor Information for processor 7
  Max Mhz: 1800, Current Mhz: 1300, Mhz Limit: 1296
Processor Information for processor 8
  Max Mhz: 1800, Current Mhz: 1300, Mhz Limit: 1296
Processor Information for processor 9
  Max Mhz: 1800, Current Mhz: 1300, Mhz Limit: 1296
Processor Information for processor 10
  Max Mhz: 1800, Current Mhz: 1300, Mhz Limit: 1296
Processor Information for processor 11
  Max Mhz: 1800, Current Mhz: 1300, Mhz Limit: 1296

Memory: 4k page, system-wide physical 16041M (1643M free)
TotalPageFile size 20137M (AvailPageFile size 5M)
current process WorkingSet (physical memory assigned to process): 360M, peak: 360M
current process commit charge ("private bytes"): 400M, peak: 411M

vm_info: OpenJDK 64-Bit Server VM (21.0.7+-13880790-b1038.58) for windows-amd64 JRE (21.0.7+-13880790-b1038.58), built on 2025-08-04T20:56:21Z by "builder" with MS VC++ 16.10 / 16.11 (VS2019)

END.
