#
# There is insufficient memory for the Java Runtime Environment to continue.
# Native memory allocation (malloc) failed to allocate 632464 bytes. Error detail: Chunk::new
# Possible reasons:
#   The system is out of physical RAM or swap space
#   This process is running with CompressedOops enabled, and the Java Heap may be blocking the growth of the native heap
# Possible solutions:
#   Reduce memory load on the system
#   Increase physical memory or swap space
#   Check if swap backing store is full
#   Decrease Java heap size (-Xmx/-Xms)
#   Decrease number of Java threads
#   Decrease Java thread stack sizes (-Xss)
#   Set larger code cache with -XX:ReservedCodeCacheSize=
#   JVM is running with Unscaled Compressed Oops mode in which the Java heap is
#     placed in the first 4GB address space. The Java Heap base address is the
#     maximum limit for the native heap growth. Please use -XX:HeapBaseMinAddress
#     to set the Java Heap base and to place the Java Heap above 4GB virtual address.
# This output file may be truncated or incomplete.
#
#  Out of Memory Error (arena.cpp:168), pid=26476, tid=19604
#
# JRE version: OpenJDK Runtime Environment (21.0.7) (build 21.0.7+-13880790-b1038.58)
# Java VM: OpenJDK 64-Bit Server VM (21.0.7+-13880790-b1038.58, mixed mode, tiered, compressed oops, compressed class ptrs, g1 gc, windows-amd64)
# No core dump will be written. Minidumps are not enabled by default on client versions of Windows
#

---------------  S U M M A R Y ------------

Command Line: --add-opens=java.base/java.lang=ALL-UNNAMED --add-opens=java.base/java.lang.invoke=ALL-UNNAMED --add-opens=java.base/java.util=ALL-UNNAMED --add-opens=java.prefs/java.util.prefs=ALL-UNNAMED --add-exports=jdk.compiler/com.sun.tools.javac.api=ALL-UNNAMED --add-exports=jdk.compiler/com.sun.tools.javac.util=ALL-UNNAMED --add-opens=java.base/java.util=ALL-UNNAMED --add-opens=java.prefs/java.util.prefs=ALL-UNNAMED --add-opens=java.base/java.nio.charset=ALL-UNNAMED --add-opens=java.base/java.net=ALL-UNNAMED --add-opens=java.base/java.util.concurrent.atomic=ALL-UNNAMED --add-opens=java.xml/javax.xml.namespace=ALL-UNNAMED -Xmx2048m -Dfile.encoding=UTF-8 -Duser.country=ID -Duser.language=en -Duser.variant -javaagent:D:\Users\abdul.ibrahim\.gradle\wrapper\dists\gradle-8.13-bin\5xuhj0ry160q40clulazy9h7d\gradle-8.13\lib\agents\gradle-instrumentation-agent-8.13.jar -agentpath:C:\Program Files\Palo Alto Networks\Traps\cyjagent.dll org.gradle.launcher.daemon.bootstrap.GradleDaemon 8.13

Host: 13th Gen Intel(R) Core(TM) i7-1365U, 12 cores, 15G,  Windows 11 , 64 bit Build 22621 (10.0.22621.3958)
Time: Wed Dec 24 15:33:30 2025 SE Asia Standard Time elapsed time: 3.071147 seconds (0d 0h 0m 3s)

---------------  T H R E A D  ---------------

Current thread (0x00000243e6e05900):  JavaThread "C2 CompilerThread1" daemon [_thread_in_native, id=19604, stack(0x0000005a59300000,0x0000005a59400000) (1024K)]


Current CompileTask:
C2:3072 2776       4       java.lang.invoke.MethodType::makeImpl (109 bytes)

Stack: [0x0000005a59300000,0x0000005a59400000]
Native frames: (J=compiled Java code, j=interpreted, Vv=VM code, C=native code)
V  [jvm.dll+0x6d25c9]
V  [jvm.dll+0x860923]
V  [jvm.dll+0x862e7e]
V  [jvm.dll+0x863563]
V  [jvm.dll+0x27f156]
V  [jvm.dll+0xc002d]
V  [jvm.dll+0xc0563]
V  [jvm.dll+0x13b7ef]
V  [jvm.dll+0x663345]
V  [jvm.dll+0x66189e]
V  [jvm.dll+0x247cef]
V  [jvm.dll+0x247441]
V  [jvm.dll+0x1c5fb4]
V  [jvm.dll+0x256bac]
V  [jvm.dll+0x2550f6]
V  [jvm.dll+0x3f1d16]
V  [jvm.dll+0x808d08]
V  [jvm.dll+0x6d0e1d]
C  [ucrtbase.dll+0x29333]
C  [cyinjct.dll+0x11e7]
C  [KERNEL32.DLL+0x1257d]
C  [ntdll.dll+0x5af28]


---------------  P R O C E S S  ---------------

Threads class SMR info:
_java_thread_list=0x00000243e6d69580, length=26, elements={
0x00000243c8ce3190, 0x00000243e0a1e580, 0x00000243e0a234b0, 0x00000243e0a24010,
0x00000243e0a43ec0, 0x00000243e0a4cc00, 0x00000243e0a55670, 0x00000243e0a5a0e0,
0x00000243e0a5ae70, 0x00000243e0a62240, 0x00000243e0cfe2f0, 0x00000243e6a028e0,
0x00000243e69ff250, 0x00000243e6c5e6a0, 0x00000243e6cabe20, 0x00000243e6b2dc80,
0x00000243e6b42870, 0x00000243e6b42ee0, 0x00000243e6afd060, 0x00000243e6afdd80,
0x00000243e6afd6f0, 0x00000243e6afe410, 0x00000243e6dfa480, 0x00000243e6df48a0,
0x00000243e6e05900, 0x00000243e7158210
}

Java Threads: ( => current thread )
  0x00000243c8ce3190 JavaThread "main"                              [_thread_blocked, id=15836, stack(0x0000005a56900000,0x0000005a56a00000) (1024K)]
  0x00000243e0a1e580 JavaThread "Common-Cleaner"             daemon [_thread_blocked, id=25444, stack(0x0000005a57100000,0x0000005a57200000) (1024K)]
  0x00000243e0a234b0 JavaThread "Reference Handler"          daemon [_thread_blocked, id=5280, stack(0x0000005a57200000,0x0000005a57300000) (1024K)]
  0x00000243e0a24010 JavaThread "Finalizer"                  daemon [_thread_blocked, id=5672, stack(0x0000005a57300000,0x0000005a57400000) (1024K)]
  0x00000243e0a43ec0 JavaThread "Signal Dispatcher"          daemon [_thread_blocked, id=27104, stack(0x0000005a57400000,0x0000005a57500000) (1024K)]
  0x00000243e0a4cc00 JavaThread "Attach Listener"            daemon [_thread_blocked, id=11700, stack(0x0000005a57500000,0x0000005a57600000) (1024K)]
  0x00000243e0a55670 JavaThread "Service Thread"             daemon [_thread_blocked, id=29808, stack(0x0000005a57600000,0x0000005a57700000) (1024K)]
  0x00000243e0a5a0e0 JavaThread "Monitor Deflation Thread"   daemon [_thread_blocked, id=356, stack(0x0000005a57700000,0x0000005a57800000) (1024K)]
  0x00000243e0a5ae70 JavaThread "C2 CompilerThread0"         daemon [_thread_in_native, id=18404, stack(0x0000005a57800000,0x0000005a57900000) (1024K)]
  0x00000243e0a62240 JavaThread "C1 CompilerThread0"         daemon [_thread_blocked, id=26772, stack(0x0000005a57900000,0x0000005a57a00000) (1024K)]
  0x00000243e0cfe2f0 JavaThread "Notification Thread"        daemon [_thread_blocked, id=22808, stack(0x0000005a57a00000,0x0000005a57b00000) (1024K)]
  0x00000243e6a028e0 JavaThread "Daemon health stats"               [_thread_blocked, id=29872, stack(0x0000005a58400000,0x0000005a58500000) (1024K)]
  0x00000243e69ff250 JavaThread "Incoming local TCP Connector on port 55102"        [_thread_in_native, id=8392, stack(0x0000005a58500000,0x0000005a58600000) (1024K)]
  0x00000243e6c5e6a0 JavaThread "Daemon periodic checks"            [_thread_blocked, id=16132, stack(0x0000005a58600000,0x0000005a58700000) (1024K)]
  0x00000243e6cabe20 JavaThread "Daemon"                            [_thread_blocked, id=11144, stack(0x0000005a58700000,0x0000005a58800000) (1024K)]
  0x00000243e6b2dc80 JavaThread "Handler for socket connection from /127.0.0.1:55102 to /127.0.0.1:55103"        [_thread_in_native, id=4920, stack(0x0000005a58800000,0x0000005a58900000) (1024K)]
  0x00000243e6b42870 JavaThread "Cancel handler"                    [_thread_blocked, id=29084, stack(0x0000005a58900000,0x0000005a58a00000) (1024K)]
  0x00000243e6b42ee0 JavaThread "Daemon worker"                     [_thread_in_Java, id=2340, stack(0x0000005a58a00000,0x0000005a58b00000) (1024K)]
  0x00000243e6afd060 JavaThread "Asynchronous log dispatcher for DefaultDaemonConnection: socket connection from /127.0.0.1:55102 to /127.0.0.1:55103"        [_thread_blocked, id=9800, stack(0x0000005a58b00000,0x0000005a58c00000) (1024K)]
  0x00000243e6afdd80 JavaThread "Stdin handler"                     [_thread_blocked, id=14400, stack(0x0000005a58c00000,0x0000005a58d00000) (1024K)]
  0x00000243e6afd6f0 JavaThread "Daemon client event forwarder"        [_thread_blocked, id=14812, stack(0x0000005a58d00000,0x0000005a58e00000) (1024K)]
  0x00000243e6afe410 JavaThread "Cache worker for journal cache (D:\Users\abdul.ibrahim\.gradle\caches\journal-1)"        [_thread_blocked, id=28800, stack(0x0000005a57b00000,0x0000005a57c00000) (1024K)]
  0x00000243e6dfa480 JavaThread "File lock request listener"        [_thread_in_native, id=23724, stack(0x0000005a59100000,0x0000005a59200000) (1024K)]
  0x00000243e6df48a0 JavaThread "Cache worker for file hash cache (D:\Users\abdul.ibrahim\.gradle\caches\8.13\fileHashes)"        [_thread_blocked, id=14704, stack(0x0000005a59200000,0x0000005a59300000) (1024K)]
=>0x00000243e6e05900 JavaThread "C2 CompilerThread1"         daemon [_thread_in_native, id=19604, stack(0x0000005a59300000,0x0000005a59400000) (1024K)]
  0x00000243e7158210 JavaThread "C2 CompilerThread2"         daemon [_thread_in_native, id=17840, stack(0x0000005a59400000,0x0000005a59500000) (1024K)]
Total: 26

Other Threads:
  0x00000243e0992f50 VMThread "VM Thread"                           [id=14952, stack(0x0000005a57000000,0x0000005a57100000) (1024K)]
  0x00000243e0981270 WatcherThread "VM Periodic Task Thread"        [id=25996, stack(0x0000005a56f00000,0x0000005a57000000) (1024K)]
  0x00000243c8d38810 WorkerThread "GC Thread#0"                     [id=25424, stack(0x0000005a56a00000,0x0000005a56b00000) (1024K)]
  0x00000243e54d5c30 WorkerThread "GC Thread#1"                     [id=27852, stack(0x0000005a57d00000,0x0000005a57e00000) (1024K)]
  0x00000243e54d5fd0 WorkerThread "GC Thread#2"                     [id=8016, stack(0x0000005a57e00000,0x0000005a57f00000) (1024K)]
  0x00000243e53a6e80 WorkerThread "GC Thread#3"                     [id=28044, stack(0x0000005a57f00000,0x0000005a58000000) (1024K)]
  0x00000243e53a7220 WorkerThread "GC Thread#4"                     [id=21244, stack(0x0000005a58000000,0x0000005a58100000) (1024K)]
  0x00000243e53a75c0 WorkerThread "GC Thread#5"                     [id=24988, stack(0x0000005a58100000,0x0000005a58200000) (1024K)]
  0x00000243e69973a0 WorkerThread "GC Thread#6"                     [id=17628, stack(0x0000005a57c00000,0x0000005a57d00000) (1024K)]
  0x00000243e6a4a480 WorkerThread "GC Thread#7"                     [id=13672, stack(0x0000005a58200000,0x0000005a58300000) (1024K)]
  0x00000243e69b67e0 WorkerThread "GC Thread#8"                     [id=6748, stack(0x0000005a58300000,0x0000005a58400000) (1024K)]
  0x00000243e69d90e0 WorkerThread "GC Thread#9"                     [id=8644, stack(0x0000005a58e00000,0x0000005a58f00000) (1024K)]
  0x00000243c8d4a010 ConcurrentGCThread "G1 Main Marker"            [id=29204, stack(0x0000005a56b00000,0x0000005a56c00000) (1024K)]
  0x00000243c8d4b9c0 WorkerThread "G1 Conc#0"                       [id=26396, stack(0x0000005a56c00000,0x0000005a56d00000) (1024K)]
  0x00000243e69d9480 WorkerThread "G1 Conc#1"                       [id=27320, stack(0x0000005a58f00000,0x0000005a59000000) (1024K)]
  0x00000243e69d9f60 WorkerThread "G1 Conc#2"                       [id=27068, stack(0x0000005a59000000,0x0000005a59100000) (1024K)]
  0x00000243e03d1fa0 ConcurrentGCThread "G1 Refine#0"               [id=20296, stack(0x0000005a56d00000,0x0000005a56e00000) (1024K)]
  0x00000243e03d29b0 ConcurrentGCThread "G1 Service"                [id=2096, stack(0x0000005a56e00000,0x0000005a56f00000) (1024K)]
Total: 18

Threads with active compile tasks:
C2 CompilerThread0  3156 2734   !   4       java.lang.ClassLoader::loadClass (121 bytes)
C2 CompilerThread1  3156 2776       4       java.lang.invoke.MethodType::makeImpl (109 bytes)
C2 CompilerThread2  3157 2875       4       jdk.internal.org.objectweb.asm.SymbolTable::addConstantMemberReference (147 bytes)
Total: 3

VM state: not at safepoint (normal execution)

VM Mutex/Monitor currently owned by a thread: None

Heap address: 0x0000000080000000, size: 2048 MB, Compressed Oops mode: 32-bit

CDS archive(s) not mapped
Compressed class space mapped at: 0x0000000100000000-0x0000000140000000, reserved size: 1073741824
Narrow klass base: 0x0000000000000000, Narrow klass shift: 3, Narrow klass range: 0x140000000

GC Precious Log:
 CardTable entry size: 512
 Card Set container configuration: InlinePtr #cards 5 size 8 Array Of Cards #cards 12 size 40 Howl #buckets 4 coarsen threshold 1843 Howl Bitmap #cards 512 size 80 coarsen threshold 460 Card regions per heap region 1 cards per card region 2048
 CPUs: 12 total, 12 available
 Memory: 16041M
 Large Page Support: Disabled
 NUMA Support: Disabled
 Compressed Oops: Enabled (32-bit)
 Heap Region Size: 1M
 Heap Min Capacity: 8M
 Heap Initial Capacity: 252M
 Heap Max Capacity: 2G
 Pre-touch: Disabled
 Parallel Workers: 10
 Concurrent Workers: 3
 Concurrent Refinement Workers: 10
 Periodic GC: Disabled

Heap:
 garbage-first heap   total 71680K, used 23923K [0x0000000080000000, 0x0000000100000000)
  region size 1024K, 7 young (7168K), 4 survivors (4096K)
 Metaspace       used 27546K, committed 28032K, reserved 1114112K
  class space    used 3444K, committed 3648K, reserved 1048576K

Heap Regions: E=young(eden), S=young(survivor), O=old, HS=humongous(starts), HC=humongous(continues), CS=collection set, F=free, TAMS=top-at-mark-start, PB=parsable bottom
|   0|0x0000000080000000, 0x0000000080100000, 0x0000000080100000|100%|HS|  |TAMS 0x0000000080000000| PB 0x0000000080000000| Complete 
|   1|0x0000000080100000, 0x0000000080200000, 0x0000000080200000|100%|HC|  |TAMS 0x0000000080100000| PB 0x0000000080100000| Complete 
|   2|0x0000000080200000, 0x0000000080300000, 0x0000000080300000|100%|HC|  |TAMS 0x0000000080200000| PB 0x0000000080200000| Complete 
|   3|0x0000000080300000, 0x0000000080400000, 0x0000000080400000|100%| O|  |TAMS 0x0000000080300000| PB 0x0000000080300000| Untracked 
|   4|0x0000000080400000, 0x0000000080500000, 0x0000000080500000|100%| O|  |TAMS 0x0000000080400000| PB 0x0000000080400000| Untracked 
|   5|0x0000000080500000, 0x0000000080600000, 0x0000000080600000|100%| O|  |TAMS 0x0000000080500000| PB 0x0000000080500000| Untracked 
|   6|0x0000000080600000, 0x0000000080700000, 0x0000000080700000|100%|HS|  |TAMS 0x0000000080600000| PB 0x0000000080600000| Complete 
|   7|0x0000000080700000, 0x0000000080800000, 0x0000000080800000|100%| O|  |TAMS 0x0000000080700000| PB 0x0000000080700000| Untracked 
|   8|0x0000000080800000, 0x0000000080900000, 0x0000000080900000|100%| O|  |TAMS 0x0000000080800000| PB 0x0000000080800000| Untracked 
|   9|0x0000000080900000, 0x0000000080a00000, 0x0000000080a00000|100%| O|  |TAMS 0x0000000080900000| PB 0x0000000080900000| Untracked 
|  10|0x0000000080a00000, 0x0000000080b00000, 0x0000000080b00000|100%| O|  |TAMS 0x0000000080a00000| PB 0x0000000080a00000| Untracked 
|  11|0x0000000080b00000, 0x0000000080c00000, 0x0000000080c00000|100%| O|  |TAMS 0x0000000080b00000| PB 0x0000000080b00000| Untracked 
|  12|0x0000000080c00000, 0x0000000080ccac38, 0x0000000080d00000| 79%| O|Cm|TAMS 0x0000000080c00000| PB 0x0000000080c00000| Complete 
|  13|0x0000000080d00000, 0x0000000080e00000, 0x0000000080e00000|100%| O|  |TAMS 0x0000000080d00000| PB 0x0000000080d00000| Untracked 
|  14|0x0000000080e00000, 0x0000000080f00000, 0x0000000080f00000|100%| O|  |TAMS 0x0000000080e00000| PB 0x0000000080e00000| Untracked 
|  15|0x0000000080f00000, 0x0000000081000000, 0x0000000081000000|100%| O|  |TAMS 0x0000000080f00000| PB 0x0000000080f00000| Untracked 
|  16|0x0000000081000000, 0x0000000081100000, 0x0000000081100000|100%| O|  |TAMS 0x0000000081000000| PB 0x0000000081000000| Untracked 
|  17|0x0000000081100000, 0x0000000081199200, 0x0000000081200000| 59%| O|  |TAMS 0x0000000081100000| PB 0x0000000081100000| Untracked 
|  18|0x0000000081200000, 0x0000000081200000, 0x0000000081300000|  0%| F|  |TAMS 0x0000000081200000| PB 0x0000000081200000| Untracked 
|  19|0x0000000081300000, 0x0000000081300000, 0x0000000081400000|  0%| F|  |TAMS 0x0000000081300000| PB 0x0000000081300000| Untracked 
|  20|0x0000000081400000, 0x0000000081400000, 0x0000000081500000|  0%| F|  |TAMS 0x0000000081400000| PB 0x0000000081400000| Untracked 
|  21|0x0000000081500000, 0x0000000081500000, 0x0000000081600000|  0%| F|  |TAMS 0x0000000081500000| PB 0x0000000081500000| Untracked 
|  22|0x0000000081600000, 0x0000000081600000, 0x0000000081700000|  0%| F|  |TAMS 0x0000000081600000| PB 0x0000000081600000| Untracked 
|  23|0x0000000081700000, 0x0000000081700000, 0x0000000081800000|  0%| F|  |TAMS 0x0000000081700000| PB 0x0000000081700000| Untracked 
|  24|0x0000000081800000, 0x00000000818f90b0, 0x0000000081900000| 97%| S|CS|TAMS 0x0000000081800000| PB 0x0000000081800000| Complete 
|  25|0x0000000081900000, 0x0000000081a00000, 0x0000000081a00000|100%| S|CS|TAMS 0x0000000081900000| PB 0x0000000081900000| Complete 
|  26|0x0000000081a00000, 0x0000000081b00000, 0x0000000081b00000|100%| S|CS|TAMS 0x0000000081a00000| PB 0x0000000081a00000| Complete 
|  27|0x0000000081b00000, 0x0000000081c00000, 0x0000000081c00000|100%| S|CS|TAMS 0x0000000081b00000| PB 0x0000000081b00000| Complete 
|  28|0x0000000081c00000, 0x0000000081c00000, 0x0000000081d00000|  0%| F|  |TAMS 0x0000000081c00000| PB 0x0000000081c00000| Untracked 
|  29|0x0000000081d00000, 0x0000000081d00000, 0x0000000081e00000|  0%| F|  |TAMS 0x0000000081d00000| PB 0x0000000081d00000| Untracked 
|  30|0x0000000081e00000, 0x0000000081e00000, 0x0000000081f00000|  0%| F|  |TAMS 0x0000000081e00000| PB 0x0000000081e00000| Untracked 
|  31|0x0000000081f00000, 0x0000000081f00000, 0x0000000082000000|  0%| F|  |TAMS 0x0000000081f00000| PB 0x0000000081f00000| Untracked 
|  32|0x0000000082000000, 0x0000000082000000, 0x0000000082100000|  0%| F|  |TAMS 0x0000000082000000| PB 0x0000000082000000| Untracked 
|  33|0x0000000082100000, 0x0000000082100000, 0x0000000082200000|  0%| F|  |TAMS 0x0000000082100000| PB 0x0000000082100000| Untracked 
|  34|0x0000000082200000, 0x0000000082200000, 0x0000000082300000|  0%| F|  |TAMS 0x0000000082200000| PB 0x0000000082200000| Untracked 
|  35|0x0000000082300000, 0x0000000082300000, 0x0000000082400000|  0%| F|  |TAMS 0x0000000082300000| PB 0x0000000082300000| Untracked 
|  36|0x0000000082400000, 0x0000000082400000, 0x0000000082500000|  0%| F|  |TAMS 0x0000000082400000| PB 0x0000000082400000| Untracked 
|  37|0x0000000082500000, 0x0000000082500000, 0x0000000082600000|  0%| F|  |TAMS 0x0000000082500000| PB 0x0000000082500000| Untracked 
|  38|0x0000000082600000, 0x0000000082600000, 0x0000000082700000|  0%| F|  |TAMS 0x0000000082600000| PB 0x0000000082600000| Untracked 
|  39|0x0000000082700000, 0x0000000082700000, 0x0000000082800000|  0%| F|  |TAMS 0x0000000082700000| PB 0x0000000082700000| Untracked 
|  40|0x0000000082800000, 0x0000000082800000, 0x0000000082900000|  0%| F|  |TAMS 0x0000000082800000| PB 0x0000000082800000| Untracked 
|  41|0x0000000082900000, 0x0000000082900000, 0x0000000082a00000|  0%| F|  |TAMS 0x0000000082900000| PB 0x0000000082900000| Untracked 
|  42|0x0000000082a00000, 0x0000000082a00000, 0x0000000082b00000|  0%| F|  |TAMS 0x0000000082a00000| PB 0x0000000082a00000| Untracked 
|  43|0x0000000082b00000, 0x0000000082b00000, 0x0000000082c00000|  0%| F|  |TAMS 0x0000000082b00000| PB 0x0000000082b00000| Untracked 
|  44|0x0000000082c00000, 0x0000000082c00000, 0x0000000082d00000|  0%| F|  |TAMS 0x0000000082c00000| PB 0x0000000082c00000| Untracked 
|  45|0x0000000082d00000, 0x0000000082d00000, 0x0000000082e00000|  0%| F|  |TAMS 0x0000000082d00000| PB 0x0000000082d00000| Untracked 
|  46|0x0000000082e00000, 0x0000000082e00000, 0x0000000082f00000|  0%| F|  |TAMS 0x0000000082e00000| PB 0x0000000082e00000| Untracked 
|  47|0x0000000082f00000, 0x0000000082f00000, 0x0000000083000000|  0%| F|  |TAMS 0x0000000082f00000| PB 0x0000000082f00000| Untracked 
|  48|0x0000000083000000, 0x0000000083000000, 0x0000000083100000|  0%| F|  |TAMS 0x0000000083000000| PB 0x0000000083000000| Untracked 
|  49|0x0000000083100000, 0x0000000083100000, 0x0000000083200000|  0%| F|  |TAMS 0x0000000083100000| PB 0x0000000083100000| Untracked 
|  50|0x0000000083200000, 0x0000000083200000, 0x0000000083300000|  0%| F|  |TAMS 0x0000000083200000| PB 0x0000000083200000| Untracked 
|  51|0x0000000083300000, 0x0000000083300000, 0x0000000083400000|  0%| F|  |TAMS 0x0000000083300000| PB 0x0000000083300000| Untracked 
|  52|0x0000000083400000, 0x0000000083400000, 0x0000000083500000|  0%| F|  |TAMS 0x0000000083400000| PB 0x0000000083400000| Untracked 
|  53|0x0000000083500000, 0x0000000083500000, 0x0000000083600000|  0%| F|  |TAMS 0x0000000083500000| PB 0x0000000083500000| Untracked 
|  54|0x0000000083600000, 0x0000000083600000, 0x0000000083700000|  0%| F|  |TAMS 0x0000000083600000| PB 0x0000000083600000| Untracked 
|  55|0x0000000083700000, 0x0000000083700000, 0x0000000083800000|  0%| F|  |TAMS 0x0000000083700000| PB 0x0000000083700000| Untracked 
|  56|0x0000000083800000, 0x0000000083800000, 0x0000000083900000|  0%| F|  |TAMS 0x0000000083800000| PB 0x0000000083800000| Untracked 
|  57|0x0000000083900000, 0x0000000083900000, 0x0000000083a00000|  0%| F|  |TAMS 0x0000000083900000| PB 0x0000000083900000| Untracked 
|  58|0x0000000083a00000, 0x0000000083a00000, 0x0000000083b00000|  0%| F|  |TAMS 0x0000000083a00000| PB 0x0000000083a00000| Untracked 
|  59|0x0000000083b00000, 0x0000000083b00000, 0x0000000083c00000|  0%| F|  |TAMS 0x0000000083b00000| PB 0x0000000083b00000| Untracked 
| 220|0x000000008dc00000, 0x000000008dc00000, 0x000000008dd00000|  0%| F|  |TAMS 0x000000008dc00000| PB 0x000000008dc00000| Untracked 
| 221|0x000000008dd00000, 0x000000008dd00000, 0x000000008de00000|  0%| F|  |TAMS 0x000000008dd00000| PB 0x000000008dd00000| Untracked 
| 222|0x000000008de00000, 0x000000008de00000, 0x000000008df00000|  0%| F|  |TAMS 0x000000008de00000| PB 0x000000008de00000| Untracked 
| 223|0x000000008df00000, 0x000000008df00000, 0x000000008e000000|  0%| F|  |TAMS 0x000000008df00000| PB 0x000000008df00000| Untracked 
| 224|0x000000008e000000, 0x000000008e000000, 0x000000008e100000|  0%| F|  |TAMS 0x000000008e000000| PB 0x000000008e000000| Untracked 
| 225|0x000000008e100000, 0x000000008e1fcf48, 0x000000008e200000| 98%| E|  |TAMS 0x000000008e100000| PB 0x000000008e100000| Complete 
| 226|0x000000008e200000, 0x000000008e300000, 0x000000008e300000|100%| E|CS|TAMS 0x000000008e200000| PB 0x000000008e200000| Complete 
| 227|0x000000008e300000, 0x000000008e400000, 0x000000008e400000|100%| E|CS|TAMS 0x000000008e300000| PB 0x000000008e300000| Complete 
| 228|0x000000008e400000, 0x000000008e500000, 0x000000008e500000|100%| E|CS|TAMS 0x000000008e400000| PB 0x000000008e400000| Complete 
| 251|0x000000008fb00000, 0x000000008fc00000, 0x000000008fc00000|100%| E|CS|TAMS 0x000000008fb00000| PB 0x000000008fb00000| Complete 

Card table byte_map: [0x00000243db860000,0x00000243dbc60000] _byte_map_base: 0x00000243db460000

Marking Bits: (CMBitMap*) 0x00000243c8d395c0
 Bits: [0x00000243dbc60000, 0x00000243ddc60000)

Polling page: 0x00000243c6950000

Metaspace:

Usage:
  Non-class:     23.78 MB used.
      Class:      3.42 MB used.
       Both:     27.20 MB used.

Virtual space:
  Non-class space:       64.00 MB reserved,      24.06 MB ( 38%) committed,  1 nodes.
      Class space:        1.00 GB reserved,       3.62 MB ( <1%) committed,  1 nodes.
             Both:        1.06 GB reserved,      27.69 MB (  3%) committed. 

Chunk freelists:
   Non-Class:  7.66 MB
       Class:  12.39 MB
        Both:  20.03 MB

MaxMetaspaceSize: unlimited
CompressedClassSpaceSize: 1.00 GB
Initial GC threshold: 21.00 MB
Current GC threshold: 35.12 MB
CDS: off
 - commit_granule_bytes: 65536.
 - commit_granule_words: 8192.
 - virtual_space_node_default_size: 8388608.
 - enlarge_chunks_in_place: 1.
 - use_allocation_guard: 0.


Internal statistics:

num_allocs_failed_limit: 3.
num_arena_births: 646.
num_arena_deaths: 0.
num_vsnodes_births: 2.
num_vsnodes_deaths: 0.
num_space_committed: 443.
num_space_uncommitted: 0.
num_chunks_returned_to_freelist: 3.
num_chunks_taken_from_freelist: 1333.
num_chunk_merges: 3.
num_chunk_splits: 868.
num_chunks_enlarged: 593.
num_inconsistent_stats: 0.

CodeHeap 'non-profiled nmethods': size=120000Kb used=1384Kb max_used=1384Kb free=118615Kb
 bounds [0x00000243d38d0000, 0x00000243d3b40000, 0x00000243dae00000]
CodeHeap 'profiled nmethods': size=120000Kb used=5828Kb max_used=5828Kb free=114171Kb
 bounds [0x00000243cbe00000, 0x00000243cc3c0000, 0x00000243d3330000]
CodeHeap 'non-nmethods': size=5760Kb used=1483Kb max_used=1490Kb free=4276Kb
 bounds [0x00000243d3330000, 0x00000243d35a0000, 0x00000243d38d0000]
 total_blobs=3487 nmethods=2911 adapters=480
 compilation: enabled
              stopped_count=0, restarted_count=0
 full_count=0

Compilation events (20 events):
Event: 3.001 Thread 0x00000243e0a62240 2812       3       java.lang.invoke.ClassSpecializer$SpeciesData::transformHelper (56 bytes)
Event: 3.002 Thread 0x00000243e0a62240 nmethod 2812 0x00000243cc388d10 code [0x00000243cc388f60, 0x00000243cc389700]
Event: 3.019 Thread 0x00000243e0a62240 2814       3       java.lang.invoke.MethodHandles$Lookup::checkMethod (87 bytes)
Event: 3.019 Thread 0x00000243e0a62240 nmethod 2814 0x00000243cc389990 code [0x00000243cc389ba0, 0x00000243cc38a1f8]
Event: 3.019 Thread 0x00000243e0a62240 2817       3       sun.security.provider.MD5::HH (23 bytes)
Event: 3.019 Thread 0x00000243e0a62240 nmethod 2817 0x00000243cc38a410 code [0x00000243cc38a5c0, 0x00000243cc38a738]
Event: 3.019 Thread 0x00000243e0a62240 2815       3       sun.security.provider.MD5::FF (27 bytes)
Event: 3.020 Thread 0x00000243e0a62240 nmethod 2815 0x00000243cc38a810 code [0x00000243cc38a9c0, 0x00000243cc38ab40]
Event: 3.020 Thread 0x00000243e0a62240 2816       3       sun.security.provider.MD5::GG (27 bytes)
Event: 3.020 Thread 0x00000243e0a62240 nmethod 2816 0x00000243cc38ac10 code [0x00000243cc38adc0, 0x00000243cc38af38]
Event: 3.020 Thread 0x00000243e0a62240 2818       3       sun.security.provider.MD5::II (25 bytes)
Event: 3.020 Thread 0x00000243e0a62240 nmethod 2818 0x00000243cc38b010 code [0x00000243cc38b1c0, 0x00000243cc38b330]
Event: 3.025 Thread 0x00000243e0a62240 2819       3       java.lang.invoke.LambdaFormEditor::filterArgumentForm (121 bytes)
Event: 3.025 Thread 0x00000243e0a62240 nmethod 2819 0x00000243cc38b410 code [0x00000243cc38b620, 0x00000243cc38ba18]
Event: 3.026 Thread 0x00000243e0a62240 2820       3       jdk.internal.org.objectweb.asm.AnnotationWriter::putAnnotations (110 bytes)
Event: 3.026 Thread 0x00000243e0a62240 nmethod 2820 0x00000243cc38bc90 code [0x00000243cc38bea0, 0x00000243cc38c2c0]
Event: 3.040 Thread 0x00000243e0a62240 2825       1       java.lang.reflect.Constructor::getConstructorAccessor (5 bytes)
Event: 3.040 Thread 0x00000243e0a62240 nmethod 2825 0x00000243d3a21d10 code [0x00000243d3a21ea0, 0x00000243d3a21f68]
Event: 3.042 Thread 0x00000243e0a62240 2827       3       java.lang.invoke.MemberName::getFactory (4 bytes)
Event: 3.043 Thread 0x00000243e0a62240 nmethod 2827 0x00000243cc38c590 code [0x00000243cc38c720, 0x00000243cc38c818]

GC Heap History (8 events):
Event: 0.477 GC heap before
{Heap before GC invocations=0 (full 0):
 garbage-first heap   total 258048K, used 22528K [0x0000000080000000, 0x0000000100000000)
  region size 1024K, 23 young (23552K), 0 survivors (0K)
 Metaspace       used 8136K, committed 8256K, reserved 1114112K
  class space    used 734K, committed 768K, reserved 1048576K
}
Event: 0.479 GC heap after
{Heap after GC invocations=1 (full 0):
 garbage-first heap   total 258048K, used 1823K [0x0000000080000000, 0x0000000100000000)
  region size 1024K, 2 young (2048K), 2 survivors (2048K)
 Metaspace       used 8136K, committed 8256K, reserved 1114112K
  class space    used 734K, committed 768K, reserved 1048576K
}
Event: 1.008 GC heap before
{Heap before GC invocations=1 (full 0):
 garbage-first heap   total 258048K, used 40735K [0x0000000080000000, 0x0000000100000000)
  region size 1024K, 38 young (38912K), 2 survivors (2048K)
 Metaspace       used 12366K, committed 12544K, reserved 1114112K
  class space    used 1321K, committed 1408K, reserved 1048576K
}
Event: 1.012 GC heap after
{Heap after GC invocations=2 (full 0):
 garbage-first heap   total 258048K, used 11048K [0x0000000080000000, 0x0000000100000000)
  region size 1024K, 5 young (5120K), 5 survivors (5120K)
 Metaspace       used 12366K, committed 12544K, reserved 1114112K
  class space    used 1321K, committed 1408K, reserved 1048576K
}
Event: 1.885 GC heap before
{Heap before GC invocations=2 (full 0):
 garbage-first heap   total 258048K, used 64296K [0x0000000080000000, 0x0000000100000000)
  region size 1024K, 55 young (56320K), 5 survivors (5120K)
 Metaspace       used 15316K, committed 15552K, reserved 1114112K
  class space    used 1708K, committed 1792K, reserved 1048576K
}
Event: 1.891 GC heap after
{Heap after GC invocations=3 (full 0):
 garbage-first heap   total 258048K, used 17990K [0x0000000080000000, 0x0000000100000000)
  region size 1024K, 6 young (6144K), 6 survivors (6144K)
 Metaspace       used 15316K, committed 15552K, reserved 1114112K
  class space    used 1708K, committed 1792K, reserved 1048576K
}
Event: 2.492 GC heap before
{Heap before GC invocations=3 (full 0):
 garbage-first heap   total 258048K, used 40518K [0x0000000080000000, 0x0000000100000000)
  region size 1024K, 29 young (29696K), 6 survivors (6144K)
 Metaspace       used 21227K, committed 21504K, reserved 1114112K
  class space    used 2474K, committed 2624K, reserved 1048576K
}
Event: 2.496 GC heap after
{Heap after GC invocations=4 (full 0):
 garbage-first heap   total 258048K, used 20399K [0x0000000080000000, 0x0000000100000000)
  region size 1024K, 9 young (9216K), 9 survivors (9216K)
 Metaspace       used 21227K, committed 21504K, reserved 1114112K
  class space    used 2474K, committed 2624K, reserved 1048576K
}

Dll operation events (3 events):
Event: 0.049 Loaded shared library D:\Android\Android Studio\jbr\bin\java.dll
Event: 0.059 Loaded shared library D:\Android\Android Studio\jbr\bin\zip.dll
Event: 0.589 Loaded shared library D:\Android\Android Studio\jbr\bin\verify.dll

Deoptimization events (20 events):
Event: 2.603 Thread 0x00000243e6b42ee0 DEOPT PACKING pc=0x00000243d3967110 sp=0x0000005a58afbfe0
Event: 2.603 Thread 0x00000243e6b42ee0 DEOPT UNPACKING pc=0x00000243d33846a2 sp=0x0000005a58afbf58 mode 2
Event: 2.708 Thread 0x00000243e6b42ee0 Uncommon trap: trap_request=0xffffff45 fr.pc=0x00000243d3a01cb8 relative=0x0000000000000e78
Event: 2.708 Thread 0x00000243e6b42ee0 Uncommon trap: reason=unstable_if action=reinterpret pc=0x00000243d3a01cb8 method=java.lang.invoke.LambdaForm$Name.replaceNames([Ljava/lang/invoke/LambdaForm$Name;[Ljava/lang/invoke/LambdaForm$Name;II)Ljava/lang/invoke/LambdaForm$Name; @ 3 c2
Event: 2.708 Thread 0x00000243e6b42ee0 DEOPT PACKING pc=0x00000243d3a01cb8 sp=0x0000005a58afd5c0
Event: 2.708 Thread 0x00000243e6b42ee0 DEOPT UNPACKING pc=0x00000243d33846a2 sp=0x0000005a58afd588 mode 2
Event: 2.883 Thread 0x00000243e6b42ee0 DEOPT PACKING pc=0x00000243cbeed159 sp=0x0000005a58afaa30
Event: 2.884 Thread 0x00000243e6b42ee0 DEOPT UNPACKING pc=0x00000243d3384e42 sp=0x0000005a58af9ec8 mode 0
Event: 2.943 Thread 0x00000243e6b42ee0 Uncommon trap: trap_request=0xffffff45 fr.pc=0x00000243d38f5d2c relative=0x0000000000000d2c
Event: 2.943 Thread 0x00000243e6b42ee0 Uncommon trap: reason=unstable_if action=reinterpret pc=0x00000243d38f5d2c method=java.io.WinNTFileSystem.resolve(Ljava/lang/String;Ljava/lang/String;)Ljava/lang/String; @ 19 c2
Event: 2.943 Thread 0x00000243e6b42ee0 DEOPT PACKING pc=0x00000243d38f5d2c sp=0x0000005a58afb690
Event: 2.943 Thread 0x00000243e6b42ee0 DEOPT UNPACKING pc=0x00000243d33846a2 sp=0x0000005a58afb628 mode 2
Event: 2.944 Thread 0x00000243e6b42ee0 Uncommon trap: trap_request=0xffffff45 fr.pc=0x00000243d396d490 relative=0x0000000000000630
Event: 2.944 Thread 0x00000243e6b42ee0 Uncommon trap: reason=unstable_if action=reinterpret pc=0x00000243d396d490 method=java.io.File.getName()Ljava/lang/String; @ 16 c2
Event: 2.944 Thread 0x00000243e6b42ee0 DEOPT PACKING pc=0x00000243d396d490 sp=0x0000005a58afb650
Event: 2.944 Thread 0x00000243e6b42ee0 DEOPT UNPACKING pc=0x00000243d33846a2 sp=0x0000005a58afb620 mode 2
Event: 3.023 Thread 0x00000243e6b42ee0 Uncommon trap: trap_request=0xffffff45 fr.pc=0x00000243d38fd210 relative=0x00000000000000f0
Event: 3.023 Thread 0x00000243e6b42ee0 Uncommon trap: reason=unstable_if action=reinterpret pc=0x00000243d38fd210 method=java.util.HashMap.hash(Ljava/lang/Object;)I @ 1 c2
Event: 3.023 Thread 0x00000243e6b42ee0 DEOPT PACKING pc=0x00000243d38fd210 sp=0x0000005a58afc6f0
Event: 3.023 Thread 0x00000243e6b42ee0 DEOPT UNPACKING pc=0x00000243d33846a2 sp=0x0000005a58afc630 mode 2

Classes loaded (20 events):
Event: 2.911 Loading class sun/security/provider/ByteArrayAccess$LE
Event: 2.911 Loading class sun/security/provider/ByteArrayAccess$LE done
Event: 2.942 Loading class java/lang/management/MemoryType
Event: 2.942 Loading class java/lang/management/MemoryType done
Event: 2.942 Loading class java/lang/management/MemoryUsage
Event: 2.943 Loading class java/lang/management/MemoryUsage done
Event: 2.943 Loading class java/util/concurrent/LinkedBlockingDeque$Node
Event: 2.943 Loading class java/util/concurrent/LinkedBlockingDeque$Node done
Event: 2.943 Loading class java/io/File$TempDirectory
Event: 2.943 Loading class java/io/File$TempDirectory done
Event: 2.952 Loading class java/io/PrintWriter
Event: 2.952 Loading class java/io/PrintWriter done
Event: 2.993 Loading class java/util/concurrent/Semaphore
Event: 2.993 Loading class java/util/concurrent/Semaphore done
Event: 2.995 Loading class java/nio/file/FileVisitOption
Event: 2.995 Loading class java/nio/file/FileVisitOption done
Event: 2.999 Loading class java/util/stream/ReduceOps$1
Event: 2.999 Loading class java/util/stream/ReduceOps$1 done
Event: 2.999 Loading class java/util/stream/ReduceOps$1ReducingSink
Event: 2.999 Loading class java/util/stream/ReduceOps$1ReducingSink done

Classes unloaded (0 events):
No events

Classes redefined (6 events):
Event: 0.201 Thread 0x00000243e0992f50 redefined class name=java.io.FileOutputStream, count=1
Event: 0.204 Thread 0x00000243e0992f50 redefined class name=java.lang.ClassLoader, count=1
Event: 0.206 Thread 0x00000243e0992f50 redefined class name=java.nio.file.Files, count=1
Event: 0.208 Thread 0x00000243e0992f50 redefined class name=java.io.File, count=1
Event: 0.209 Thread 0x00000243e0992f50 redefined class name=java.net.URLStreamHandler, count=1
Event: 0.210 Thread 0x00000243e0992f50 redefined class name=java.lang.Thread, count=1

Internal exceptions (20 events):
Event: 2.285 Thread 0x00000243c8ce3190 Implicit null exception at 0x00000243d39254a4 to 0x00000243d3925b08
Event: 2.289 Thread 0x00000243c8ce3190 Exception <a 'java/lang/NoSuchMethodError'{0x000000008ef1a040}: 'java.lang.Object java.lang.invoke.DirectMethodHandle$Holder.newInvokeSpecial(java.lang.Object, java.lang.Object, java.lang.Object, java.lang.Object, java.lang.Object)'> (0x000000008ef1a040) 
thrown [s\src\hotspot\share\interpreter\linkResolver.cpp, line 784]
Event: 2.415 Thread 0x00000243e6cabe20 Exception <a 'java/lang/NoSuchMethodError'{0x000000008ec65b10}: 'void java.lang.invoke.DirectMethodHandle$Holder.invokeSpecial(java.lang.Object, java.lang.Object, java.lang.Object)'> (0x000000008ec65b10) 
thrown [s\src\hotspot\share\interpreter\linkResolver.cpp, line 784]
Event: 2.484 Thread 0x00000243e6b42ee0 Exception <a 'java/lang/NoSuchMethodError'{0x000000008e6f4268}: 'void java.lang.invoke.DirectMethodHandle$Holder.invokeVirtual(java.lang.Object, java.lang.Object, java.lang.Object, java.lang.Object, java.lang.Object, java.lang.Object, java.lang.Object, java.lang.Object, java.lang.Object, java.lang.Object)'> (0x000000008e6f4268) 
thrown [s\src\hotspot\share\interpreter\linkResolver.cpp, line 784]
Event: 2.507 Thread 0x00000243e6b42ee0 Exception <a 'java/lang/NoSuchMethodError'{0x000000008fb47390}: 'long java.lang.invoke.DirectMethodHandle$Holder.invokeInterface(java.lang.Object, java.lang.Object)'> (0x000000008fb47390) 
thrown [s\src\hotspot\share\interpreter\linkResolver.cpp, line 784]
Event: 2.574 Thread 0x00000243e6b42ee0 Exception <a 'java/lang/NoSuchMethodError'{0x00000000837a1510}: 'java.lang.Object java.lang.invoke.DirectMethodHandle$Holder.invokeVirtual(java.lang.Object, java.lang.Object, java.lang.Object, java.lang.Object, java.lang.Object, java.lang.Object, java.lang.Object, java.lang.Object, java.lang.Object, java.lang.Object, java.lang.Object, java.lang.Object)'> (0x00000000837a1510) 
thrown [s\src\hotspot\share\interpreter\linkResolver.cpp, line 784]
Event: 2.574 Thread 0x00000243e6b42ee0 Exception <a 'java/lang/NoSuchMethodError'{0x00000000837a6660}: 'java.lang.Object java.lang.invoke.DirectMethodHandle$Holder.invokeSpecial(java.lang.Object, java.lang.Object, java.lang.Object, java.lang.Object, java.lang.Object, java.lang.Object, java.lang.Object, java.lang.Object, java.lang.Object, java.lang.Object, java.lang.Object, java.lang.Object, java.lang.Object)'> (0x00000000837a6660) 
thrown [s\src\hotspot\share\interpreter\linkResolver.cpp, line 784]
Event: 2.652 Thread 0x00000243e6b42ee0 Exception <a 'java/lang/NoSuchMethodError'{0x00000000833fb258}: 'void java.lang.invoke.DirectMethodHandle$Holder.invokeSpecial(java.lang.Object, java.lang.Object, java.lang.Object, java.lang.Object, java.lang.Object, java.lang.Object, java.lang.Object)'> (0x00000000833fb258) 
thrown [s\src\hotspot\share\interpreter\linkResolver.cpp, line 784]
Event: 2.652 Thread 0x00000243e6b42ee0 Exception <a 'java/lang/NoSuchMethodError'{0x00000000832027f0}: 'java.lang.Object java.lang.invoke.DirectMethodHandle$Holder.newInvokeSpecial(java.lang.Object, java.lang.Object, java.lang.Object, java.lang.Object, java.lang.Object, java.lang.Object)'> (0x00000000832027f0) 
thrown [s\src\hotspot\share\interpreter\linkResolver.cpp, line 784]
Event: 2.706 Thread 0x00000243e6b42ee0 Exception <a 'java/lang/NoSuchMethodError'{0x00000000830d3e38}: 'void java.lang.invoke.DirectMethodHandle$Holder.invokeSpecial(java.lang.Object, java.lang.Object, java.lang.Object, java.lang.Object, java.lang.Object, java.lang.Object, java.lang.Object, java.lang.Object, java.lang.Object, java.lang.Object, java.lang.Object)'> (0x00000000830d3e38) 
thrown [s\src\hotspot\share\interpreter\linkResolver.cpp, line 784]
Event: 2.707 Thread 0x00000243e6b42ee0 Exception <a 'java/lang/NoSuchMethodError'{0x00000000830d8600}: 'void java.lang.invoke.DelegatingMethodHandle$Holder.reinvoke_L(java.lang.Object, java.lang.Object, java.lang.Object, java.lang.Object, java.lang.Object, java.lang.Object, java.lang.Object, java.lang.Object, java.lang.Object, java.lang.Object)'> (0x00000000830d8600) 
thrown [s\src\hotspot\share\interpreter\linkResolver.cpp, line 784]
Event: 2.707 Thread 0x00000243e6b42ee0 Exception <a 'java/lang/NoSuchMethodError'{0x00000000830e00e0}: 'java.lang.Object java.lang.invoke.Invokers$Holder.invoker(java.lang.Object, java.lang.Object, java.lang.Object, java.lang.Object, java.lang.Object, java.lang.Object, java.lang.Object, java.lang.Object, java.lang.Object, java.lang.Object)'> (0x00000000830e00e0) 
thrown [s\src\hotspot\share\interpreter\linkResolver.cpp, line 784]
Event: 2.836 Thread 0x00000243e6b42ee0 Exception <a 'java/lang/NoSuchMethodError'{0x0000000082911830}: 'void java.lang.invoke.DirectMethodHandle$Holder.invokeInterface(java.lang.Object, java.lang.Object)'> (0x0000000082911830) 
thrown [s\src\hotspot\share\interpreter\linkResolver.cpp, line 784]
Event: 2.836 Thread 0x00000243e6b42ee0 Exception <a 'java/lang/IncompatibleClassChangeError'{0x0000000082914fb0}: Found class java.lang.Object, but interface was expected> (0x0000000082914fb0) 
thrown [s\src\hotspot\share\interpreter\linkResolver.cpp, line 851]
Event: 2.860 Thread 0x00000243e6b42ee0 Exception <a 'java/lang/NoSuchMethodError'{0x000000008283abf0}: 'java.lang.Object java.lang.invoke.DirectMethodHandle$Holder.newInvokeSpecial(java.lang.Object, java.lang.Object, int)'> (0x000000008283abf0) 
thrown [s\src\hotspot\share\interpreter\linkResolver.cpp, line 784]
Event: 2.922 Thread 0x00000243e6b42ee0 Exception <a 'java/lang/NoSuchMethodError'{0x000000008257b290}: 'java.lang.Object java.lang.invoke.DirectMethodHandle$Holder.invokeVirtual(java.lang.Object, java.lang.Object, java.lang.Object, java.lang.Object, java.lang.Object, java.lang.Object, java.lang.Object, java.lang.Object)'> (0x000000008257b290) 
thrown [s\src\hotspot\share\interpreter\linkResolver.cpp, line 784]
Event: 2.938 Thread 0x00000243e6b42ee0 Exception <a 'java/lang/NoSuchMethodError'{0x000000008241eae8}: 'java.lang.Object java.lang.invoke.DirectMethodHandle$Holder.invokeVirtual(java.lang.Object, java.lang.Object, java.lang.Object, java.lang.Object, java.lang.Object, java.lang.Object, java.lang.Object, java.lang.Object, java.lang.Object, java.lang.Object)'> (0x000000008241eae8) 
thrown [s\src\hotspot\share\interpreter\linkResolver.cpp, line 784]
Event: 2.997 Thread 0x00000243e6b42ee0 Exception <a 'java/lang/NoSuchMethodError'{0x0000000082286c18}: 'int java.lang.invoke.DirectMethodHandle$Holder.invokeSpecialIFC(java.lang.Object, java.lang.Object, java.lang.Object, java.lang.Object)'> (0x0000000082286c18) 
thrown [s\src\hotspot\share\interpreter\linkResolver.cpp, line 784]
Event: 2.998 Thread 0x00000243e6b42ee0 Exception <a 'java/lang/IncompatibleClassChangeError'{0x0000000082294170}: Found class java.lang.Object, but interface was expected> (0x0000000082294170) 
thrown [s\src\hotspot\share\interpreter\linkResolver.cpp, line 851]
Event: 3.023 Thread 0x00000243e6b42ee0 Implicit null exception at 0x00000243d38fd166 to 0x00000243d38fd206

ZGC Phase Switch (0 events):
No events

VM Operations (20 events):
Event: 2.080 Executing VM operation: HandshakeAllThreads (Deoptimize)
Event: 2.080 Executing VM operation: HandshakeAllThreads (Deoptimize) done
Event: 2.106 Executing VM operation: HandshakeAllThreads (Deoptimize)
Event: 2.106 Executing VM operation: HandshakeAllThreads (Deoptimize) done
Event: 2.127 Executing VM operation: HandshakeAllThreads (Deoptimize)
Event: 2.127 Executing VM operation: HandshakeAllThreads (Deoptimize) done
Event: 2.175 Executing VM operation: HandshakeAllThreads (Deoptimize)
Event: 2.175 Executing VM operation: HandshakeAllThreads (Deoptimize) done
Event: 2.322 Executing VM operation: HandshakeAllThreads (Deoptimize)
Event: 2.322 Executing VM operation: HandshakeAllThreads (Deoptimize) done
Event: 2.440 Executing VM operation: ICBufferFull
Event: 2.440 Executing VM operation: ICBufferFull done
Event: 2.492 Executing VM operation: CollectForMetadataAllocation (Metadata GC Threshold)
Event: 2.496 Executing VM operation: CollectForMetadataAllocation (Metadata GC Threshold) done
Event: 2.500 Executing VM operation: G1PauseRemark
Event: 2.502 Executing VM operation: G1PauseRemark done
Event: 2.503 Executing VM operation: G1PauseCleanup
Event: 2.503 Executing VM operation: G1PauseCleanup done
Event: 2.858 Executing VM operation: HandshakeAllThreads (Deoptimize)
Event: 2.858 Executing VM operation: HandshakeAllThreads (Deoptimize) done

Memory protections (0 events):
No events

Nmethod flushes (0 events):
No events

Events (20 events):
Event: 0.684 Loaded shared library D:\Users\abdul.ibrahim\.gradle\native\0.2.7\x86_64-windows-gnu\gradle-fileevents.dll
Event: 1.179 Thread 0x00000243e5159890 Thread exited: 0x00000243e5159890
Event: 1.871 Loaded shared library D:\Android\Android Studio\jbr\bin\management.dll
Event: 1.882 Loaded shared library D:\Android\Android Studio\jbr\bin\management_ext.dll
Event: 1.930 Thread 0x00000243c8ce3190 Thread added: 0x00000243e6a028e0
Event: 2.092 Loaded shared library D:\Android\Android Studio\jbr\bin\extnet.dll
Event: 2.203 Thread 0x00000243c8ce3190 Thread added: 0x00000243e69ff250
Event: 2.295 Thread 0x00000243c8ce3190 Thread added: 0x00000243e6c5e6a0
Event: 2.354 Thread 0x00000243e69ff250 Thread added: 0x00000243e6cabe20
Event: 2.358 Thread 0x00000243e6cabe20 Thread added: 0x00000243e6b2dc80
Event: 2.396 Thread 0x00000243e6cabe20 Thread added: 0x00000243e6b42870
Event: 2.417 Thread 0x00000243e6cabe20 Thread added: 0x00000243e6b42ee0
Event: 2.430 Thread 0x00000243e6b42ee0 Thread added: 0x00000243e6afd060
Event: 2.436 Thread 0x00000243e6b42ee0 Thread added: 0x00000243e6afdd80
Event: 2.439 Thread 0x00000243e6b42ee0 Thread added: 0x00000243e6afd6f0
Event: 2.817 Thread 0x00000243e51cb680 Thread exited: 0x00000243e51cb680
Event: 2.859 Thread 0x00000243e6b42ee0 Thread added: 0x00000243e6afe410
Event: 2.868 Thread 0x00000243e6b42ee0 Thread added: 0x00000243e6dfa480
Event: 2.899 Thread 0x00000243e6b42ee0 Thread added: 0x00000243e6df48a0
Event: 2.914 Thread 0x00000243e0a62240 Thread added: 0x00000243e6e05900


Dynamic libraries:
0x00007ff7c1570000 - 0x00007ff7c157a000 	D:\Android\Android Studio\jbr\bin\java.exe
0x00007ffdc46d0000 - 0x00007ffdc48e7000 	C:\Windows\SYSTEM32\ntdll.dll
0x00007ffdc4410000 - 0x00007ffdc44d4000 	C:\Windows\System32\KERNEL32.DLL
0x00007ffdc4060000 - 0x00007ffdc440d000 	C:\Windows\System32\KERNELBASE.dll
0x000000005fc10000 - 0x000000005fcae000 	C:\ProgramData\Symantec\Symantec Endpoint Protection\14.3.10148.8000.105\Data\Sysfer\x64\sysfer.dll
0x00000000711e0000 - 0x000000007121e000 	C:\Windows\System32\cyinjct.dll
0x00007ffdc3ed0000 - 0x00007ffdc3ef4000 	C:\Windows\System32\cyvera.dll
0x00007ffda4850000 - 0x00007ffda4868000 	D:\Android\Android Studio\jbr\bin\jli.dll
0x00000243c6640000 - 0x00000243c67ee000 	C:\Windows\System32\USER32.dll
0x00007ffdc1b40000 - 0x00007ffdc1b66000 	C:\Windows\System32\win32u.dll
0x00007ffdc3cb0000 - 0x00007ffdc3cd9000 	C:\Windows\System32\GDI32.dll
0x00007ffdc19f0000 - 0x00007ffdc1b09000 	C:\Windows\System32\gdi32full.dll
0x00007ffdc1d60000 - 0x00007ffdc1dfa000 	C:\Windows\System32\msvcp_win.dll
0x00000243c67f0000 - 0x00000243c6901000 	C:\Windows\System32\ucrtbase.dll
0x00007ffdbdc90000 - 0x00007ffdbdcab000 	D:\Android\Android Studio\jbr\bin\VCRUNTIME140.dll
0x00007ffda4490000 - 0x00007ffda4723000 	C:\Windows\WinSxS\amd64_microsoft.windows.common-controls_6595b64144ccf1df_6.0.22621.3672_none_2713b9d173822955\COMCTL32.dll
0x00007ffdc3300000 - 0x00007ffdc33a7000 	C:\Windows\System32\msvcrt.dll
0x00007ffdc3e00000 - 0x00007ffdc3ec6000 	C:\Windows\System32\cyvrtrap.dll
0x00007ffdc1ec0000 - 0x00007ffdc1ef1000 	C:\Windows\System32\IMM32.DLL
0x00007ffdbdc80000 - 0x00007ffdbdc8c000 	D:\Android\Android Studio\jbr\bin\vcruntime140_1.dll
0x00007ffd619c0000 - 0x00007ffd61a4d000 	D:\Android\Android Studio\jbr\bin\msvcp140.dll
0x00007ffd51470000 - 0x00007ffd520fe000 	D:\Android\Android Studio\jbr\bin\server\jvm.dll
0x00007ffdc3730000 - 0x00007ffdc37e2000 	C:\Windows\System32\ADVAPI32.dll
0x00007ffdc33b0000 - 0x00007ffdc3459000 	C:\Windows\System32\sechost.dll
0x00007ffdc1b10000 - 0x00007ffdc1b38000 	C:\Windows\System32\bcrypt.dll
0x00007ffdc3f40000 - 0x00007ffdc4054000 	C:\Windows\System32\RPCRT4.dll
0x00007ffdc3c30000 - 0x00007ffdc3ca1000 	C:\Windows\System32\WS2_32.dll
0x00007ffdc1720000 - 0x00007ffdc176d000 	C:\Windows\SYSTEM32\POWRPROF.dll
0x00007ffdb7dd0000 - 0x00007ffdb7e04000 	C:\Windows\SYSTEM32\WINMM.dll
0x00007ffdac0a0000 - 0x00007ffdac0aa000 	C:\Windows\SYSTEM32\VERSION.dll
0x00007ffdc1650000 - 0x00007ffdc1663000 	C:\Windows\SYSTEM32\UMPDC.dll
0x00007ffdc0850000 - 0x00007ffdc0868000 	C:\Windows\SYSTEM32\kernel.appcore.dll
0x00007ffdbd6e0000 - 0x00007ffdbd6ea000 	D:\Android\Android Studio\jbr\bin\jimage.dll
0x00007ffdbfa90000 - 0x00007ffdbfcc2000 	C:\Windows\SYSTEM32\DBGHELP.DLL
0x00007ffdc3840000 - 0x00007ffdc3bcd000 	C:\Windows\System32\combase.dll
0x00007ffdc1f00000 - 0x00007ffdc1fd7000 	C:\Windows\System32\OLEAUT32.dll
0x00007ffdabe90000 - 0x00007ffdabec2000 	C:\Windows\SYSTEM32\dbgcore.DLL
0x00007ffdc1b70000 - 0x00007ffdc1beb000 	C:\Windows\System32\bcryptPrimitives.dll
0x00007ffda8740000 - 0x00007ffda874e000 	D:\Android\Android Studio\jbr\bin\instrument.dll
0x00007ffdbb350000 - 0x00007ffdbb370000 	D:\Android\Android Studio\jbr\bin\java.dll
0x00007ffdc3db0000 - 0x00007ffdc3dfa000 	C:\Program Files\Palo Alto Networks\Traps\cyjagent.dll
0x00007ffdb7a10000 - 0x00007ffdb7a28000 	D:\Android\Android Studio\jbr\bin\zip.dll
0x00007ffdc2a90000 - 0x00007ffdc32f8000 	C:\Windows\System32\SHELL32.dll
0x00007ffdbf190000 - 0x00007ffdbfa8e000 	C:\Windows\SYSTEM32\windows.storage.dll
0x00007ffdbefa0000 - 0x00007ffdbf0df000 	C:\Windows\SYSTEM32\wintypes.dll
0x00007ffdc3530000 - 0x00007ffdc3629000 	C:\Windows\System32\SHCORE.dll
0x00007ffdc2460000 - 0x00007ffdc24be000 	C:\Windows\System32\shlwapi.dll
0x00007ffdc1790000 - 0x00007ffdc17b1000 	C:\Windows\SYSTEM32\profapi.dll
0x00007ffdbb340000 - 0x00007ffdbb350000 	D:\Android\Android Studio\jbr\bin\net.dll
0x00007ffdbb650000 - 0x00007ffdbb786000 	C:\Windows\SYSTEM32\WINHTTP.dll
0x00007ffdc0cb0000 - 0x00007ffdc0d19000 	C:\Windows\system32\mswsock.dll
0x00007ffdab020000 - 0x00007ffdab036000 	D:\Android\Android Studio\jbr\bin\nio.dll
0x00007ffdab010000 - 0x00007ffdab020000 	D:\Android\Android Studio\jbr\bin\verify.dll
0x00007ffda9c30000 - 0x00007ffda9c57000 	D:\Users\abdul.ibrahim\.gradle\native\1def1411415f61bf3af743bc5b6707747c0891f09f0c88961ee8f79bc544acac\windows-amd64\native-platform.dll
0x00007ffd7dcc0000 - 0x00007ffd7dd38000 	D:\Users\abdul.ibrahim\.gradle\native\0.2.7\x86_64-windows-gnu\gradle-fileevents.dll
0x00007ffdb7a00000 - 0x00007ffdb7a09000 	D:\Android\Android Studio\jbr\bin\management.dll
0x00007ffdb6b40000 - 0x00007ffdb6b4b000 	D:\Android\Android Studio\jbr\bin\management_ext.dll
0x00007ffdc3520000 - 0x00007ffdc3528000 	C:\Windows\System32\PSAPI.DLL
0x00007ffdc00d0000 - 0x00007ffdc00fd000 	C:\Windows\SYSTEM32\IPHLPAPI.DLL
0x00007ffdc3510000 - 0x00007ffdc3519000 	C:\Windows\System32\NSI.dll
0x00007ffdbb2a0000 - 0x00007ffdbb2a9000 	D:\Android\Android Studio\jbr\bin\extnet.dll
0x00007ffdc1000000 - 0x00007ffdc101b000 	C:\Windows\SYSTEM32\CRYPTSP.dll
0x00007ffdc07b0000 - 0x00007ffdc07e5000 	C:\Windows\system32\rsaenh.dll
0x00007ffdc0d50000 - 0x00007ffdc0d78000 	C:\Windows\SYSTEM32\USERENV.dll
0x00007ffdc0fe0000 - 0x00007ffdc0fec000 	C:\Windows\SYSTEM32\CRYPTBASE.dll
0x00007ffd80e30000 - 0x00007ffd80e38000 	C:\Windows\system32\wshunix.dll

dbghelp: loaded successfully - version: 4.0.5 - missing functions: none
symbol engine: initialized successfully - sym options: 0x614 - pdb path: .;D:\Android\Android Studio\jbr\bin;C:\Windows\SYSTEM32;C:\ProgramData\Symantec\Symantec Endpoint Protection\14.3.10148.8000.105\Data\Sysfer\x64;C:\Windows\WinSxS\amd64_microsoft.windows.common-controls_6595b64144ccf1df_6.0.22621.3672_none_2713b9d173822955;D:\Android\Android Studio\jbr\bin\server;C:\Program Files\Palo Alto Networks\Traps;D:\Users\abdul.ibrahim\.gradle\native\1def1411415f61bf3af743bc5b6707747c0891f09f0c88961ee8f79bc544acac\windows-amd64;D:\Users\abdul.ibrahim\.gradle\native\0.2.7\x86_64-windows-gnu

VM Arguments:
jvm_args: --add-opens=java.base/java.lang=ALL-UNNAMED --add-opens=java.base/java.lang.invoke=ALL-UNNAMED --add-opens=java.base/java.util=ALL-UNNAMED --add-opens=java.prefs/java.util.prefs=ALL-UNNAMED --add-exports=jdk.compiler/com.sun.tools.javac.api=ALL-UNNAMED --add-exports=jdk.compiler/com.sun.tools.javac.util=ALL-UNNAMED --add-opens=java.base/java.util=ALL-UNNAMED --add-opens=java.prefs/java.util.prefs=ALL-UNNAMED --add-opens=java.base/java.nio.charset=ALL-UNNAMED --add-opens=java.base/java.net=ALL-UNNAMED --add-opens=java.base/java.util.concurrent.atomic=ALL-UNNAMED --add-opens=java.xml/javax.xml.namespace=ALL-UNNAMED -Xmx2048m -Dfile.encoding=UTF-8 -Duser.country=ID -Duser.language=en -Duser.variant -javaagent:D:\Users\abdul.ibrahim\.gradle\wrapper\dists\gradle-8.13-bin\5xuhj0ry160q40clulazy9h7d\gradle-8.13\lib\agents\gradle-instrumentation-agent-8.13.jar -agentpath:C:\Program Files\Palo Alto Networks\Traps\cyjagent.dll 
java_command: org.gradle.launcher.daemon.bootstrap.GradleDaemon 8.13
java_class_path (initial): D:\Users\abdul.ibrahim\.gradle\wrapper\dists\gradle-8.13-bin\5xuhj0ry160q40clulazy9h7d\gradle-8.13\lib\gradle-daemon-main-8.13.jar
Launcher Type: SUN_STANDARD

[Global flags]
     intx CICompilerCount                          = 4                                         {product} {ergonomic}
     uint ConcGCThreads                            = 3                                         {product} {ergonomic}
     uint G1ConcRefinementThreads                  = 10                                        {product} {ergonomic}
   size_t G1HeapRegionSize                         = 1048576                                   {product} {ergonomic}
    uintx GCDrainStackTargetSize                   = 64                                        {product} {ergonomic}
   size_t InitialHeapSize                          = 264241152                                 {product} {ergonomic}
   size_t MarkStackSize                            = 4194304                                   {product} {ergonomic}
   size_t MaxHeapSize                              = 2147483648                                {product} {command line}
   size_t MaxNewSize                               = 1287651328                                {product} {ergonomic}
   size_t MinHeapDeltaBytes                        = 1048576                                   {product} {ergonomic}
   size_t MinHeapSize                              = 8388608                                   {product} {ergonomic}
    uintx NonNMethodCodeHeapSize                   = 5839372                                {pd product} {ergonomic}
    uintx NonProfiledCodeHeapSize                  = 122909434                              {pd product} {ergonomic}
    uintx ProfiledCodeHeapSize                     = 122909434                              {pd product} {ergonomic}
    uintx ReservedCodeCacheSize                    = 251658240                              {pd product} {ergonomic}
     bool SegmentedCodeCache                       = true                                      {product} {ergonomic}
   size_t SoftMaxHeapSize                          = 2147483648                             {manageable} {ergonomic}
     bool UseCompressedOops                        = true                           {product lp64_product} {ergonomic}
     bool UseG1GC                                  = true                                      {product} {ergonomic}
     bool UseLargePagesIndividualAllocation        = false                                  {pd product} {ergonomic}

Logging:
Log output configuration:
 #0: stdout all=warning uptime,level,tags foldmultilines=false
 #1: stderr all=off uptime,level,tags foldmultilines=false

Environment Variables:
PATH=D:\Program Files\Python312\Scripts\;D:\Program Files\Python312\;C:\Program Files\Common Files\Oracle\Java\javapath;C:\Program Files (x86)\Common Files\Oracle\Java\java8path;C:\Program Files (x86)\Common Files\Oracle\Java\javapath;C:\Windows\system32;C:\Windows;C:\Windows\System32\Wbem;C:\Windows\System32\WindowsPowerShell\v1.0\;C:\Windows\System32\OpenSSH\;C:\Program Files\dotnet\;D:\laragon\bin\php\php-7.4.33-Win32-vc15-x64;D:\xampp\php;C:\composer;C:\Users\Administrator\AppData\Roaming\nvm;C:\Program Files\nodejs;C:\TDM-GCC-64\bin;C:\MinGW\bin;C:\Program Files (x86)\CMake\bin;C:\Program Files\Go\bin;D:\Users\abdul.ibrahim\AppData\Local\Programs\Python\Python313\Scripts\;C:\Program Files\PuTTY\;D:\Program Files\Erlang OTP\bin;D:\Program Files\RabbitMQ\rabbitmq_server-4.0.7\sbin;C:\Users\abdul.ibrahim\AppData\Roaming\Composer\vendor\bin;C:\Program Files\gs\gs10.06.0\bin;D:\Android\Sdk\platform-tools;C:\Program Files\Cloudflare\Cloudflare WARP\;D:\Users\abdul.ibrahim\AppData\Local\Programs\Python\Launcher\;D:\Users\abdul.ibrahim\AppData\Local\Microsoft\WindowsApps;D:\Users\abdul.ibrahim\AppData\Local\Programs\Microsoft VS Code\bin;D:\Users\abdul.ibrahim\AppData\Local\Programs\Git\cmd;D:\Users\abdul.ibrahim\AppData\Roaming\npm;C:\TDM-GCC-64\bin;D:\Users\abdul.ibrahim\go\bin
USERNAME=Abdul.Ibrahim
OS=Windows_NT
PROCESSOR_IDENTIFIER=Intel64 Family 6 Model 186 Stepping 3, GenuineIntel
TMP=D:\Users\abdul.ibrahim\AppData\Local\Temp
TEMP=D:\Users\abdul.ibrahim\AppData\Local\Temp




Periodic native trim disabled

JNI global refs:
JNI global refs: 23, weak refs: 0

JNI global refs memory usage: 835, weak refs: 833

Process memory usage:
Resident Set Size: 189648K (1% of 16426148K total physical memory with 2135192K free physical memory)

OOME stack traces (most recent first):
Classloader memory used:
Loader bootstrap                                                                       : 16343K
Loader org.gradle.internal.classloader.VisitableURLClassLoader                         : 10543K
Loader org.gradle.initialization.MixInLegacyTypesClassLoader                           : 1215K
Loader jdk.internal.loader.ClassLoaders$AppClassLoader                                 : 235K
Loader jdk.internal.loader.ClassLoaders$PlatformClassLoader                            : 115K

Classes loaded by more than one classloader:
Class org.gradle.internal.classloader.FilteringClassLoader                            : loaded 2 times (x 103B)
Class org.gradle.internal.classloader.ClassLoaderHierarchy                            : loaded 2 times (x 68B)
Class org.gradle.api.internal.classpath.ManifestUtil                                  : loaded 2 times (x 69B)
Class org.gradle.internal.classloader.DefaultClassLoaderFactory                       : loaded 2 times (x 80B)
Class org.gradle.internal.classloader.ClassLoaderVisitor                              : loaded 2 times (x 74B)
Class org.gradle.api.internal.classpath.EffectiveClassPath                            : loaded 2 times (x 88B)
Class org.gradle.api.internal.DefaultClassPathProvider                                : loaded 2 times (x 74B)
Class [Lorg.gradle.api.internal.ClassPathProvider;                                    : loaded 2 times (x 67B)
Class org.gradle.api.internal.ClassPathProvider                                       : loaded 2 times (x 68B)
Class org.gradle.internal.service.UnknownServiceException                             : loaded 2 times (x 81B)
Class org.gradle.internal.classpath.TransformedClassPath                              : loaded 2 times (x 94B)
Class org.gradle.internal.classloader.InstrumentingClassLoader                        : loaded 2 times (x 68B)
Class org.gradle.internal.service.ServiceLocator                                      : loaded 2 times (x 68B)
Class org.gradle.internal.InternalTransformer                                         : loaded 2 times (x 68B)
Class org.gradle.internal.classloader.ClasspathUtil$1                                 : loaded 2 times (x 74B)
Class org.gradle.api.internal.classpath.DefaultModuleRegistry$DefaultModule           : loaded 2 times (x 84B)
Class org.gradle.api.internal.classpath.Module                                        : loaded 2 times (x 68B)
Class org.gradle.api.internal.classpath.UnknownModuleException                        : loaded 2 times (x 80B)
Class org.gradle.api.internal.DefaultClassPathRegistry                                : loaded 2 times (x 74B)
Class org.gradle.api.internal.ClassPathRegistry                                       : loaded 2 times (x 68B)
Class org.gradle.internal.classpath.DefaultClassPath$ImmutableUniqueList              : loaded 2 times (x 197B)
Class org.gradle.internal.classpath.ClassPath                                         : loaded 2 times (x 68B)
Class org.gradle.api.UncheckedIOException                                             : loaded 2 times (x 80B)
Class org.gradle.internal.installation.GradleInstallation$1                           : loaded 2 times (x 73B)
Class org.gradle.api.internal.classpath.ModuleRegistry                                : loaded 2 times (x 68B)
Class org.gradle.api.internal.classpath.DefaultModuleRegistry                         : loaded 2 times (x 84B)
Class org.gradle.internal.service.ServiceLookupException                              : loaded 2 times (x 80B)
Class org.gradle.internal.classloader.ClassLoaderFactory                              : loaded 2 times (x 68B)
Class org.gradle.internal.service.CachingServiceLocator                               : loaded 2 times (x 80B)
Class org.gradle.internal.classloader.ClasspathUtil                                   : loaded 2 times (x 69B)
Class org.gradle.api.specs.Spec                                                       : loaded 2 times (x 68B)
Class org.gradle.internal.classloader.VisitableURLClassLoader$InstrumentingVisitableURLClassLoader: loaded 2 times (x 121B)
Class org.gradle.internal.classloader.VisitableURLClassLoader$Spec                    : loaded 2 times (x 72B)
Class org.gradle.internal.classpath.DefaultClassPath                                  : loaded 2 times (x 88B)
Class org.gradle.internal.classloader.ClassLoaderSpec                                 : loaded 2 times (x 69B)
Class org.gradle.internal.classloader.VisitableURLClassLoader                         : loaded 2 times (x 115B)
Class org.gradle.internal.Cast                                                        : loaded 2 times (x 69B)
Class org.gradle.api.Action                                                           : loaded 2 times (x 68B)
Class org.gradle.internal.classpath.DefaultClassPath$ImmutableUniqueList$Builder      : loaded 2 times (x 73B)
Class org.gradle.api.GradleException                                                  : loaded 2 times (x 80B)
Class org.gradle.internal.IoActions                                                   : loaded 2 times (x 69B)
Class org.gradle.internal.classloader.SystemClassLoaderSpec                           : loaded 2 times (x 69B)
Class org.gradle.api.internal.classpath.GlobalCacheRootsProvider                      : loaded 2 times (x 68B)
Class org.gradle.internal.installation.CurrentGradleInstallationLocator               : loaded 2 times (x 69B)
Class org.gradle.internal.service.DefaultServiceLocator                               : loaded 2 times (x 81B)
Class org.gradle.internal.installation.CurrentGradleInstallation                      : loaded 2 times (x 71B)
Class org.gradle.util.internal.GUtil                                                  : loaded 2 times (x 69B)
Class org.gradle.internal.installation.GradleInstallation                             : loaded 2 times (x 73B)

---------------  S Y S T E M  ---------------

OS:
 Windows 11 , 64 bit Build 22621 (10.0.22621.3958)
OS uptime: 2 days 3:05 hours
Hyper-V role detected

CPU: total 12 (initial active 12) (6 cores per cpu, 2 threads per core) family 6 model 186 stepping 3 microcode 0x411c, cx8, cmov, fxsr, ht, mmx, 3dnowpref, sse, sse2, sse3, ssse3, sse4.1, sse4.2, popcnt, lzcnt, tsc, tscinvbit, avx, avx2, aes, erms, clmul, bmi1, bmi2, adx, sha, fma, vzeroupper, clflush, clflushopt, clwb, hv, serialize, rdtscp, rdpid, fsrm, f16c, cet_ibt, cet_ss
Processor Information for processor 0
  Max Mhz: 1800, Current Mhz: 1800, Mhz Limit: 1800
Processor Information for processor 1
  Max Mhz: 1800, Current Mhz: 1800, Mhz Limit: 1800
Processor Information for processor 2
  Max Mhz: 1800, Current Mhz: 1800, Mhz Limit: 1800
Processor Information for processor 3
  Max Mhz: 1800, Current Mhz: 1800, Mhz Limit: 1800
Processor Information for processor 4
  Max Mhz: 1800, Current Mhz: 1300, Mhz Limit: 1296
Processor Information for processor 5
  Max Mhz: 1800, Current Mhz: 1300, Mhz Limit: 1296
Processor Information for processor 6
  Max Mhz: 1800, Current Mhz: 1300, Mhz Limit: 1296
Processor Information for processor 7
  Max Mhz: 1800, Current Mhz: 1300, Mhz Limit: 1296
Processor Information for processor 8
  Max Mhz: 1800, Current Mhz: 1300, Mhz Limit: 1296
Processor Information for processor 9
  Max Mhz: 1800, Current Mhz: 1300, Mhz Limit: 1296
Processor Information for processor 10
  Max Mhz: 1800, Current Mhz: 1300, Mhz Limit: 1296
Processor Information for processor 11
  Max Mhz: 1800, Current Mhz: 1300, Mhz Limit: 1296

Memory: 4k page, system-wide physical 16041M (2085M free)
TotalPageFile size 20137M (AvailPageFile size 4M)
current process WorkingSet (physical memory assigned to process): 185M, peak: 185M
current process commit charge ("private bytes"): 238M, peak: 388M

vm_info: OpenJDK 64-Bit Server VM (21.0.7+-13880790-b1038.58) for windows-amd64 JRE (21.0.7+-13880790-b1038.58), built on 2025-08-04T20:56:21Z by "builder" with MS VC++ 16.10 / 16.11 (VS2019)

END.
